#
# A fatal error has been detected by the Java Runtime Environment:
#
#  EXCEPTION_ACCESS_VIOLATION (0xc0000005) at pc=0x00007ff81ddfb421, pid=14920, tid=10908
#
# JRE version: OpenJDK Runtime Environment (21.0.6) (build 21.0.6+-13368085-b895.109)
# Java VM: OpenJDK 64-Bit Server VM (21.0.6+-13368085-b895.109, mixed mode, tiered, compressed oops, compressed class ptrs, g1 gc, windows-amd64)
# Problematic frame:
# V  [jvm.dll+0x3bb421]
#
# No core dump will be written. Minidumps are not enabled by default on client versions of Windows
#
# If you would like to submit a bug report, please visit:
#   https://youtrack.jetbrains.com/issues/JBR
#

---------------  S U M M A R Y ------------

Command Line: --add-opens=java.base/java.lang=ALL-UNNAMED --add-opens=java.base/java.lang.invoke=ALL-UNNAMED --add-opens=java.base/java.util=ALL-UNNAMED --add-opens=java.prefs/java.util.prefs=ALL-UNNAMED --add-exports=jdk.compiler/com.sun.tools.javac.api=ALL-UNNAMED --add-exports=jdk.compiler/com.sun.tools.javac.util=ALL-UNNAMED --add-opens=java.base/java.util=ALL-UNNAMED --add-opens=java.prefs/java.util.prefs=ALL-UNNAMED --add-opens=java.base/java.nio.charset=ALL-UNNAMED --add-opens=java.base/java.net=ALL-UNNAMED --add-opens=java.base/java.util.concurrent.atomic=ALL-UNNAMED --add-opens=java.xml/javax.xml.namespace=ALL-UNNAMED -Xmx2048m -Dfile.encoding=UTF-8 -Duser.country=US -Duser.language=en -Duser.variant -javaagent:C:\Users\andre\.gradle\wrapper\dists\gradle-8.11.1-bin\bpt9gzteqjrbo1mjrsomdt32c\gradle-8.11.1\lib\agents\gradle-instrumentation-agent-8.11.1.jar org.gradle.launcher.daemon.bootstrap.GradleDaemon 8.11.1

Host: Intel(R) Core(TM) i3-10110U CPU @ 2.10GHz, 4 cores, 11G,  Windows 11 , 64 bit Build 26100 (10.0.26100.4202)
Time: Fri Jun 20 10:21:02 2025 GTB Daylight Time elapsed time: 7.857692 seconds (0d 0h 0m 7s)

---------------  T H R E A D  ---------------

Current thread (0x00000194f97a4560):  JavaThread "C2 CompilerThread0" daemon [_thread_in_native, id=10908, stack(0x00000063a8800000,0x00000063a8900000) (1024K)]


Current CompileTask:
C2:7857 2908   !   4       java.net.URLClassLoader$1::run (81 bytes)

Stack: [0x00000063a8800000,0x00000063a8900000],  sp=0x00000063a88fc9b0,  free space=1010k
Native frames: (J=compiled Java code, j=interpreted, Vv=VM code, C=native code)
V  [jvm.dll+0x3bb421]
V  [jvm.dll+0x5db2d6]
V  [jvm.dll+0x1de887]
V  [jvm.dll+0x247dd4]
V  [jvm.dll+0x247251]
V  [jvm.dll+0x1c5f04]
V  [jvm.dll+0x2569ac]
V  [jvm.dll+0x254ef6]
V  [jvm.dll+0x3f0e96]
V  [jvm.dll+0x806ed8]
V  [jvm.dll+0x6cef0d]
C  [ucrtbase.dll+0x37b0]
C  [KERNEL32.DLL+0x2e8d7]
C  [ntdll.dll+0x3c34c]


siginfo: EXCEPTION_ACCESS_VIOLATION (0xc0000005), reading address 0xffffffffffffffff


Registers:
RAX=0x00000063a88fe430, RBX=0x20007ff81e5d60e0, RCX=0x0000019490433820, RDX=0x0000000000000004
RSP=0x00000063a88fc9b0, RBP=0x00000194f97a20a0, RSI=0x00000000000000f8, RDI=0x0000019490d5db80
R8 =0x0000000000000000, R9 =0x00000194f974a6e0, R10=0x00007ff81e5d60e0, R11=0x00000063a88fc9e8
R12=0x0000000000000000, R13=0x00000194f974a6e0, R14=0x0000000000000034, R15=0x0000000000000020
RIP=0x00007ff81ddfb421, EFLAGS=0x0000000000010202

XMM[0]=0x0000000000000000 0x0000000000000000
XMM[1]=0xffffffffffffffff 0xffffffffffffffff
XMM[2]=0x00f45215524a6954 0xaff28a0a4011950a
XMM[3]=0x0000000000000000 0x0000000000000000
XMM[4]=0x0000000000000000 0x0000000000000000
XMM[5]=0xffffffffffffffff 0xffffffffdfffffff
XMM[6]=0x0000000000000000 0x0000000000000000
XMM[7]=0x0000000000000000 0x0000000000000000
XMM[8]=0x0000000000000000 0x0000000000000000
XMM[9]=0x0000000000000000 0x0000000000000000
XMM[10]=0x0000000000000000 0x0000000000000000
XMM[11]=0x0000000000000000 0x0000000000000000
XMM[12]=0x0000000000000000 0x0000000000000000
XMM[13]=0x0000000000000000 0x0000000000000000
XMM[14]=0x0000000000000000 0x0000000000000000
XMM[15]=0x0000000000000000 0x0000000000000000
  MXCSR=0x00001fa0


Register to memory mapping:

RAX=0x00000063a88fe430 is pointing into the stack for thread: 0x00000194f97a4560
RBX=0x20007ff81e5d60e0 is an unknown value
RCX=0x0000019490433820 points into unknown readable memory: 0x00000194904337e0 | e0 37 43 90 94 01 00 00
RDX=0x0000000000000004 is an unknown value
RSP=0x00000063a88fc9b0 is pointing into the stack for thread: 0x00000194f97a4560
RBP=0x00000194f97a20a0 points into unknown readable memory: 0x0000000000000000 | 00 00 00 00 00 00 00 00
RSI=0x00000000000000f8 is an unknown value
RDI=0x0000019490d5db80 points into unknown readable memory: 0x0000002200000000 | 00 00 00 00 22 00 00 00
R8 =0x0 is null
R9 =0x00000194f974a6e0 points into unknown readable memory: 0x00000194ef336807 | 07 68 33 ef 94 01 00 00
R10=0x00007ff81e5d60e0 jvm.dll
R11=0x00000063a88fc9e8 is pointing into the stack for thread: 0x00000194f97a4560
R12=0x0 is null
R13=0x00000194f974a6e0 points into unknown readable memory: 0x00000194ef336807 | 07 68 33 ef 94 01 00 00
R14=0x0000000000000034 is an unknown value
R15=0x0000000000000020 is an unknown value

Top of Stack: (sp=0x00000063a88fc9b0)
0x00000063a88fc9b0:   0000000000000e3d 000001949014e298
0x00000063a88fc9c0:   0000000000000090 0000000000000480
0x00000063a88fc9d0:   0000000000000238 0000000000000238
0x00000063a88fc9e0:   00000063a88fcc30 00007ff81e01b2d6
0x00000063a88fc9f0:   000000000000001f 00000063a88fca99
0x00000063a88fca00:   0000019490d5db80 00000063a88fca99
0x00000063a88fca10:   00000063a88fca88 00007ff81e25a600
0x00000063a88fca20:   00000194f943ba70 0000000000000480
0x00000063a88fca30:   0000019400000008 00000194f974a6e0
0x00000063a88fca40:   000001949014e088 0000019400000000
0x00000063a88fca50:   00000194f97a20d4 00000194f97a20c0
0x00000063a88fca60:   00000194f974a6e0 00000194fe1471d0
0x00000063a88fca70:   000000000022ddb0 00000194fe149a40
0x00000063a88fca80:   00000194fe14f1b8 00007ff800000040
0x00000063a88fca90:   00000194fed59f40 0000000000000040
0x00000063a88fcaa0:   00000194f974a6e0 0000000000000000
0x00000063a88fcab0:   0000000000000001 000001948f1c94d0
0x00000063a88fcac0:   00000000000003d8 000001948f1c98b8
0x00000063a88fcad0:   000001948f1c94e0 0000000000000000
0x00000063a88fcae0:   00000063a88fd020 00000063a88fcf40
0x00000063a88fcaf0:   00000063a88fcc00 00007ff81dc1e887
0x00000063a88fcb00:   0000006300000000 0000006300000001
0x00000063a88fcb10:   00000194917bff88 000001949014e298
0x00000063a88fcb20:   00000194f972a900 0000000000000000
0x00000063a88fcb30:   00007ff883218807 000001948f1c94d0
0x00000063a88fcb40:   00000194916852d0 0000019491687f80
0x00000063a88fcb50:   000001949168d2b8 00000000007b89a8
0x00000063a88fcb60:   0000000000000000 0000000000000000
0x00000063a88fcb70:   000000000000a228 000000000000b600
0x00000063a88fcb80:   0000000000000000 00007ff81e384cd8
0x00000063a88fcb90:   0000000000000000 0000000000000000
0x00000063a88fcba0:   0000000000000000 00007ff81e384cd8 

Instructions: (pc=0x00007ff81ddfb421)
0x00007ff81ddfb321:   18 48 8b 88 60 06 00 00 48 8b 99 80 00 00 00 48
0x00007ff81ddfb331:   8b 83 d8 08 00 00 48 85 c0 75 0c e8 7f 09 00 00
0x00007ff81ddfb341:   48 8b 83 d8 08 00 00 48 8b 08 0f 57 c0 48 89 8b
0x00007ff81ddfb351:   d8 08 00 00 0f 11 00 0f 11 40 10 48 83 c4 20 5b
0x00007ff81ddfb361:   c3 cc cc cc cc cc cc cc cc cc cc cc cc cc cc 48
0x00007ff81ddfb371:   89 5c 24 08 57 48 83 ec 20 8b da 48 8b f9 e8 6c
0x00007ff81ddfb381:   ff ff ff c1 eb 08 3b 5f 04 72 08 44 8d 43 01 44
0x00007ff81ddfb391:   89 47 04 48 8b 4f 08 48 89 04 d9 48 8b 5c 24 30
0x00007ff81ddfb3a1:   48 83 c4 20 5f c3 cc cc cc cc cc cc cc cc cc 48
0x00007ff81ddfb3b1:   89 5c 24 08 48 89 6c 24 10 48 89 74 24 18 57 41
0x00007ff81ddfb3c1:   56 41 57 48 83 ec 20 8b c2 48 8b f9 8b 15 65 e4
0x00007ff81ddfb3d1:   82 00 41 be 34 00 00 00 48 8d 34 c5 00 00 00 00
0x00007ff81ddfb3e1:   48 8b 41 08 48 8b 1c 06 65 48 8b 04 25 58 00 00
0x00007ff81ddfb3f1:   00 48 8b 2c d0 41 80 3c 2e 00 75 05 e8 fe 35 4d
0x00007ff81ddfb401:   00 41 bf 20 00 00 00 49 8b 04 2f 48 8b 88 60 06
0x00007ff81ddfb411:   00 00 48 8b 81 80 00 00 00 48 8b 88 d8 08 00 00
0x00007ff81ddfb421:   48 89 0b 41 80 3c 2e 00 75 05 e8 d0 35 4d 00 49
0x00007ff81ddfb431:   8b 04 2f 48 8b 6c 24 48 48 8b 88 60 06 00 00 48
0x00007ff81ddfb441:   8b 81 80 00 00 00 48 8d 0d 92 ac 7d 00 48 89 98
0x00007ff81ddfb451:   d8 08 00 00 48 8b 47 08 48 8b 5c 24 40 48 89 0c
0x00007ff81ddfb461:   06 48 8b 74 24 50 48 83 c4 20 41 5f 41 5e 5f c3
0x00007ff81ddfb471:   cc cc cc cc cc cc cc cc cc cc cc cc cc cc cc 48
0x00007ff81ddfb481:   89 5c 24 10 57 48 83 ec 20 81 c2 ff 00 00 00 33
0x00007ff81ddfb491:   db c1 ea 08 48 8b f9 48 89 19 89 91 90 00 00 00
0x00007ff81ddfb4a1:   83 fa 10 77 09 48 83 c1 10 e9 82 00 00 00 65 48
0x00007ff81ddfb4b1:   8b 04 25 58 00 00 00 8b 0d 7a e3 82 00 48 89 74
0x00007ff81ddfb4c1:   24 30 48 8b 34 c8 b8 34 00 00 00 38 1c 30 75 0b
0x00007ff81ddfb4d1:   e8 2a 35 4d 00 8b 97 90 00 00 00 b8 20 00 00 00
0x00007ff81ddfb4e1:   48 c1 e2 03 48 8b 04 30 48 8b 74 24 30 48 8b 88
0x00007ff81ddfb4f1:   60 06 00 00 48 8b 81 80 00 00 00 4c 8b 88 d0 08
0x00007ff81ddfb501:   00 00 49 8b 49 18 49 8b 41 20 48 2b c1 48 3b c2
0x00007ff81ddfb511:   72 0a 48 8d 04 11 49 89 41 18 eb 0e 45 33 c0 49 


Stack slot to memory mapping:

stack at sp + 0 slots: 0x0000000000000e3d is an unknown value
stack at sp + 1 slots: 0x000001949014e298 points into unknown readable memory: 0x0000000000000000 | 00 00 00 00 00 00 00 00
stack at sp + 2 slots: 0x0000000000000090 is an unknown value
stack at sp + 3 slots: 0x0000000000000480 is an unknown value
stack at sp + 4 slots: 0x0000000000000238 is an unknown value
stack at sp + 5 slots: 0x0000000000000238 is an unknown value
stack at sp + 6 slots: 0x00000063a88fcc30 is pointing into the stack for thread: 0x00000194f97a4560
stack at sp + 7 slots: 0x00007ff81e01b2d6 jvm.dll


---------------  P R O C E S S  ---------------

Threads class SMR info:
_java_thread_list=0x000001948fde26e0, length=26, elements={
0x00000194ef336810, 0x00000194f978cc90, 0x00000194f978e250, 0x00000194f979c1f0,
0x00000194f979ec50, 0x00000194f97a2d90, 0x00000194f97a37e0, 0x00000194f97a4560,
0x00000194f97a5b60, 0x00000194f9909bf0, 0x00000194fe08e920, 0x00000194ff0cbf70,
0x000001948f395f90, 0x000001948f38fef0, 0x000001948f0e0d60, 0x000001948f0e1790,
0x000001948f230ad0, 0x000001948f24d400, 0x000001948f4014c0, 0x000001948f437140,
0x000001948f4377a0, 0x000001948f434830, 0x000001948f432df0, 0x000001948f431a40,
0x000001948f4dff10, 0x000001948f433480
}

Java Threads: ( => current thread )
  0x00000194ef336810 JavaThread "main"                              [_thread_blocked, id=18052, stack(0x00000063a7a00000,0x00000063a7b00000) (1024K)]
  0x00000194f978cc90 JavaThread "Reference Handler"          daemon [_thread_blocked, id=18340, stack(0x00000063a8200000,0x00000063a8300000) (1024K)]
  0x00000194f978e250 JavaThread "Finalizer"                  daemon [_thread_blocked, id=2252, stack(0x00000063a8300000,0x00000063a8400000) (1024K)]
  0x00000194f979c1f0 JavaThread "Signal Dispatcher"          daemon [_thread_blocked, id=16420, stack(0x00000063a8400000,0x00000063a8500000) (1024K)]
  0x00000194f979ec50 JavaThread "Attach Listener"            daemon [_thread_blocked, id=18100, stack(0x00000063a8500000,0x00000063a8600000) (1024K)]
  0x00000194f97a2d90 JavaThread "Service Thread"             daemon [_thread_blocked, id=12928, stack(0x00000063a8600000,0x00000063a8700000) (1024K)]
  0x00000194f97a37e0 JavaThread "Monitor Deflation Thread"   daemon [_thread_blocked, id=10180, stack(0x00000063a8700000,0x00000063a8800000) (1024K)]
=>0x00000194f97a4560 JavaThread "C2 CompilerThread0"         daemon [_thread_in_native, id=10908, stack(0x00000063a8800000,0x00000063a8900000) (1024K)]
  0x00000194f97a5b60 JavaThread "C1 CompilerThread0"         daemon [_thread_blocked, id=13608, stack(0x00000063a8900000,0x00000063a8a00000) (1024K)]
  0x00000194f9909bf0 JavaThread "Common-Cleaner"             daemon [_thread_blocked, id=2276, stack(0x00000063a8a00000,0x00000063a8b00000) (1024K)]
  0x00000194fe08e920 JavaThread "Notification Thread"        daemon [_thread_blocked, id=11892, stack(0x00000063a8b00000,0x00000063a8c00000) (1024K)]
  0x00000194ff0cbf70 JavaThread "Daemon health stats"               [_thread_blocked, id=16280, stack(0x00000063a8f00000,0x00000063a9000000) (1024K)]
  0x000001948f395f90 JavaThread "Incoming local TCP Connector on port 63698"        [_thread_in_native, id=10736, stack(0x00000063a9000000,0x00000063a9100000) (1024K)]
  0x000001948f38fef0 JavaThread "Daemon periodic checks"            [_thread_blocked, id=17432, stack(0x00000063a9100000,0x00000063a9200000) (1024K)]
  0x000001948f0e0d60 JavaThread "Daemon"                            [_thread_blocked, id=7740, stack(0x00000063a9200000,0x00000063a9300000) (1024K)]
  0x000001948f0e1790 JavaThread "Handler for socket connection from /127.0.0.1:63698 to /127.0.0.1:63699"        [_thread_in_native, id=10344, stack(0x00000063a9300000,0x00000063a9400000) (1024K)]
  0x000001948f230ad0 JavaThread "Cancel handler"                    [_thread_blocked, id=5784, stack(0x00000063a9400000,0x00000063a9500000) (1024K)]
  0x000001948f24d400 JavaThread "Daemon worker"                     [_thread_in_vm, id=4888, stack(0x00000063a9500000,0x00000063a9600000) (1024K)]
  0x000001948f4014c0 JavaThread "Asynchronous log dispatcher for DefaultDaemonConnection: socket connection from /127.0.0.1:63698 to /127.0.0.1:63699"        [_thread_blocked, id=14084, stack(0x00000063a9600000,0x00000063a9700000) (1024K)]
  0x000001948f437140 JavaThread "Stdin handler"                     [_thread_blocked, id=13576, stack(0x00000063a9700000,0x00000063a9800000) (1024K)]
  0x000001948f4377a0 JavaThread "Daemon client event forwarder"        [_thread_blocked, id=17404, stack(0x00000063a9800000,0x00000063a9900000) (1024K)]
  0x000001948f434830 JavaThread "Cache worker for journal cache (C:\Users\andre\.gradle\caches\journal-1)"        [_thread_blocked, id=9704, stack(0x00000063a9900000,0x00000063a9a00000) (1024K)]
  0x000001948f432df0 JavaThread "File lock request listener"        [_thread_in_native, id=13656, stack(0x00000063a9a00000,0x00000063a9b00000) (1024K)]
  0x000001948f431a40 JavaThread "Cache worker for file hash cache (C:\Users\andre\.gradle\caches\8.11.1\fileHashes)"        [_thread_blocked, id=16164, stack(0x00000063a9b00000,0x00000063a9c00000) (1024K)]
  0x000001948f4dff10 JavaThread "C2 CompilerThread1"         daemon [_thread_in_native, id=15704, stack(0x00000063a9c00000,0x00000063a9d00000) (1024K)]
  0x000001948f433480 JavaThread "Cache worker for file content cache (C:\Users\andre\.gradle\caches\8.11.1\fileContent)"        [_thread_blocked, id=17880, stack(0x00000063a9d00000,0x00000063a9e00000) (1024K)]
Total: 26

Other Threads:
  0x00000194f9737460 VMThread "VM Thread"                           [id=17780, stack(0x00000063a8100000,0x00000063a8200000) (1024K)]
  0x00000194f956a4c0 WatcherThread "VM Periodic Task Thread"        [id=512, stack(0x00000063a8000000,0x00000063a8100000) (1024K)]
  0x00000194f17a1530 WorkerThread "GC Thread#0"                     [id=8676, stack(0x00000063a7b00000,0x00000063a7c00000) (1024K)]
  0x00000194f9a44b90 WorkerThread "GC Thread#1"                     [id=5448, stack(0x00000063a8c00000,0x00000063a8d00000) (1024K)]
  0x00000194f9a44f30 WorkerThread "GC Thread#2"                     [id=1248, stack(0x00000063a8d00000,0x00000063a8e00000) (1024K)]
  0x00000194f9a452d0 WorkerThread "GC Thread#3"                     [id=15412, stack(0x00000063a8e00000,0x00000063a8f00000) (1024K)]
  0x00000194f17b2420 ConcurrentGCThread "G1 Main Marker"            [id=17476, stack(0x00000063a7c00000,0x00000063a7d00000) (1024K)]
  0x00000194f17b3c70 WorkerThread "G1 Conc#0"                       [id=18412, stack(0x00000063a7d00000,0x00000063a7e00000) (1024K)]
  0x00000194f9441600 ConcurrentGCThread "G1 Refine#0"               [id=7252, stack(0x00000063a7e00000,0x00000063a7f00000) (1024K)]
  0x00000194f9442c60 ConcurrentGCThread "G1 Service"                [id=10120, stack(0x00000063a7f00000,0x00000063a8000000) (1024K)]
Total: 10

Threads with active compile tasks:
C2 CompilerThread0  7923 2908   !   4       java.net.URLClassLoader$1::run (81 bytes)
C2 CompilerThread1  7923 2944   !   4       java.lang.ClassLoader::loadClass (121 bytes)
Total: 2

VM state: not at safepoint (normal execution)

VM Mutex/Monitor currently owned by a thread: None

Heap address: 0x0000000080000000, size: 2048 MB, Compressed Oops mode: 32-bit

CDS archive(s) not mapped
Compressed class space mapped at: 0x0000000100000000-0x0000000140000000, reserved size: 1073741824
Narrow klass base: 0x0000000000000000, Narrow klass shift: 3, Narrow klass range: 0x140000000

GC Precious Log:
 CardTable entry size: 512
 Card Set container configuration: InlinePtr #cards 5 size 8 Array Of Cards #cards 12 size 40 Howl #buckets 4 coarsen threshold 1843 Howl Bitmap #cards 512 size 80 coarsen threshold 460 Card regions per heap region 1 cards per card region 2048
 CPUs: 4 total, 4 available
 Memory: 12125M
 Large Page Support: Disabled
 NUMA Support: Disabled
 Compressed Oops: Enabled (32-bit)
 Heap Region Size: 1M
 Heap Min Capacity: 8M
 Heap Initial Capacity: 190M
 Heap Max Capacity: 2G
 Pre-touch: Disabled
 Parallel Workers: 4
 Concurrent Workers: 1
 Concurrent Refinement Workers: 4
 Periodic GC: Disabled

Heap:
 garbage-first heap   total 68608K, used 25222K [0x0000000080000000, 0x0000000100000000)
  region size 1024K, 6 young (6144K), 4 survivors (4096K)
 Metaspace       used 31036K, committed 31680K, reserved 1114112K
  class space    used 4003K, committed 4288K, reserved 1048576K

Heap Regions: E=young(eden), S=young(survivor), O=old, HS=humongous(starts), HC=humongous(continues), CS=collection set, F=free, TAMS=top-at-mark-start, PB=parsable bottom
|   0|0x0000000080000000, 0x0000000080100000, 0x0000000080100000|100%|HS|  |TAMS 0x0000000080000000| PB 0x0000000080000000| Complete 
|   1|0x0000000080100000, 0x0000000080200000, 0x0000000080200000|100%|HC|  |TAMS 0x0000000080100000| PB 0x0000000080100000| Complete 
|   2|0x0000000080200000, 0x0000000080300000, 0x0000000080300000|100%|HC|  |TAMS 0x0000000080200000| PB 0x0000000080200000| Complete 
|   3|0x0000000080300000, 0x0000000080400000, 0x0000000080400000|100%| O|  |TAMS 0x0000000080300000| PB 0x0000000080300000| Untracked 
|   4|0x0000000080400000, 0x0000000080500000, 0x0000000080500000|100%| O|  |TAMS 0x0000000080400000| PB 0x0000000080400000| Untracked 
|   5|0x0000000080500000, 0x0000000080500000, 0x0000000080600000|  0%| F|  |TAMS 0x0000000080500000| PB 0x0000000080500000| Untracked 
|   6|0x0000000080600000, 0x0000000080700000, 0x0000000080700000|100%|HS|  |TAMS 0x0000000080600000| PB 0x0000000080600000| Complete 
|   7|0x0000000080700000, 0x0000000080800000, 0x0000000080800000|100%| O|  |TAMS 0x0000000080700000| PB 0x0000000080700000| Untracked 
|   8|0x0000000080800000, 0x0000000080900000, 0x0000000080900000|100%| O|  |TAMS 0x0000000080800000| PB 0x0000000080800000| Untracked 
|   9|0x0000000080900000, 0x0000000080a00000, 0x0000000080a00000|100%| O|  |TAMS 0x0000000080900000| PB 0x0000000080900000| Untracked 
|  10|0x0000000080a00000, 0x0000000080b00000, 0x0000000080b00000|100%| O|  |TAMS 0x0000000080a00000| PB 0x0000000080a00000| Untracked 
|  11|0x0000000080b00000, 0x0000000080c00000, 0x0000000080c00000|100%| O|  |TAMS 0x0000000080b00000| PB 0x0000000080b00000| Untracked 
|  12|0x0000000080c00000, 0x0000000080d00000, 0x0000000080d00000|100%| O|  |TAMS 0x0000000080c00000| PB 0x0000000080c00000| Untracked 
|  13|0x0000000080d00000, 0x0000000080e00000, 0x0000000080e00000|100%| O|  |TAMS 0x0000000080d00000| PB 0x0000000080d00000| Untracked 
|  14|0x0000000080e00000, 0x0000000080f00000, 0x0000000080f00000|100%| O|  |TAMS 0x0000000080e00000| PB 0x0000000080e00000| Untracked 
|  15|0x0000000080f00000, 0x0000000081000000, 0x0000000081000000|100%| O|  |TAMS 0x0000000080f00000| PB 0x0000000080f00000| Untracked 
|  16|0x0000000081000000, 0x0000000081100000, 0x0000000081100000|100%| O|  |TAMS 0x0000000081000000| PB 0x0000000081000000| Untracked 
|  17|0x0000000081100000, 0x0000000081200000, 0x0000000081200000|100%| O|  |TAMS 0x0000000081100000| PB 0x0000000081100000| Untracked 
|  18|0x0000000081200000, 0x0000000081300000, 0x0000000081300000|100%| O|  |TAMS 0x0000000081200000| PB 0x0000000081200000| Untracked 
|  19|0x0000000081300000, 0x0000000081400000, 0x0000000081400000|100%| O|  |TAMS 0x0000000081300000| PB 0x0000000081300000| Untracked 
|  20|0x0000000081400000, 0x00000000814e1540, 0x0000000081500000| 88%| O|  |TAMS 0x0000000081400000| PB 0x0000000081400000| Untracked 
|  21|0x0000000081500000, 0x0000000081500000, 0x0000000081600000|  0%| F|  |TAMS 0x0000000081500000| PB 0x0000000081500000| Untracked 
|  22|0x0000000081600000, 0x0000000081600000, 0x0000000081700000|  0%| F|  |TAMS 0x0000000081600000| PB 0x0000000081600000| Untracked 
|  23|0x0000000081700000, 0x0000000081700000, 0x0000000081800000|  0%| F|  |TAMS 0x0000000081700000| PB 0x0000000081700000| Untracked 
|  24|0x0000000081800000, 0x0000000081800000, 0x0000000081900000|  0%| F|  |TAMS 0x0000000081800000| PB 0x0000000081800000| Untracked 
|  25|0x0000000081900000, 0x0000000081900000, 0x0000000081a00000|  0%| F|  |TAMS 0x0000000081900000| PB 0x0000000081900000| Untracked 
|  26|0x0000000081a00000, 0x0000000081a00000, 0x0000000081b00000|  0%| F|  |TAMS 0x0000000081a00000| PB 0x0000000081a00000| Untracked 
|  27|0x0000000081b00000, 0x0000000081b00000, 0x0000000081c00000|  0%| F|  |TAMS 0x0000000081b00000| PB 0x0000000081b00000| Untracked 
|  28|0x0000000081c00000, 0x0000000081c00000, 0x0000000081d00000|  0%| F|  |TAMS 0x0000000081c00000| PB 0x0000000081c00000| Untracked 
|  29|0x0000000081d00000, 0x0000000081d00000, 0x0000000081e00000|  0%| F|  |TAMS 0x0000000081d00000| PB 0x0000000081d00000| Untracked 
|  30|0x0000000081e00000, 0x0000000081e00000, 0x0000000081f00000|  0%| F|  |TAMS 0x0000000081e00000| PB 0x0000000081e00000| Untracked 
|  31|0x0000000081f00000, 0x0000000081f00000, 0x0000000082000000|  0%| F|  |TAMS 0x0000000081f00000| PB 0x0000000081f00000| Untracked 
|  32|0x0000000082000000, 0x00000000820c0610, 0x0000000082100000| 75%| S|CS|TAMS 0x0000000082000000| PB 0x0000000082000000| Complete 
|  33|0x0000000082100000, 0x0000000082200000, 0x0000000082200000|100%| S|CS|TAMS 0x0000000082100000| PB 0x0000000082100000| Complete 
|  34|0x0000000082200000, 0x0000000082300000, 0x0000000082300000|100%| S|CS|TAMS 0x0000000082200000| PB 0x0000000082200000| Complete 
|  35|0x0000000082300000, 0x0000000082400000, 0x0000000082400000|100%| S|CS|TAMS 0x0000000082300000| PB 0x0000000082300000| Complete 
|  36|0x0000000082400000, 0x0000000082400000, 0x0000000082500000|  0%| F|  |TAMS 0x0000000082400000| PB 0x0000000082400000| Untracked 
|  37|0x0000000082500000, 0x0000000082500000, 0x0000000082600000|  0%| F|  |TAMS 0x0000000082500000| PB 0x0000000082500000| Untracked 
|  38|0x0000000082600000, 0x0000000082600000, 0x0000000082700000|  0%| F|  |TAMS 0x0000000082600000| PB 0x0000000082600000| Untracked 
|  39|0x0000000082700000, 0x0000000082700000, 0x0000000082800000|  0%| F|  |TAMS 0x0000000082700000| PB 0x0000000082700000| Untracked 
|  40|0x0000000082800000, 0x0000000082800000, 0x0000000082900000|  0%| F|  |TAMS 0x0000000082800000| PB 0x0000000082800000| Untracked 
|  41|0x0000000082900000, 0x0000000082900000, 0x0000000082a00000|  0%| F|  |TAMS 0x0000000082900000| PB 0x0000000082900000| Untracked 
|  42|0x0000000082a00000, 0x0000000082a00000, 0x0000000082b00000|  0%| F|  |TAMS 0x0000000082a00000| PB 0x0000000082a00000| Untracked 
|  43|0x0000000082b00000, 0x0000000082b00000, 0x0000000082c00000|  0%| F|  |TAMS 0x0000000082b00000| PB 0x0000000082b00000| Untracked 
|  44|0x0000000082c00000, 0x0000000082c00000, 0x0000000082d00000|  0%| F|  |TAMS 0x0000000082c00000| PB 0x0000000082c00000| Untracked 
|  45|0x0000000082d00000, 0x0000000082d00000, 0x0000000082e00000|  0%| F|  |TAMS 0x0000000082d00000| PB 0x0000000082d00000| Untracked 
|  46|0x0000000082e00000, 0x0000000082e00000, 0x0000000082f00000|  0%| F|  |TAMS 0x0000000082e00000| PB 0x0000000082e00000| Untracked 
|  47|0x0000000082f00000, 0x0000000082f00000, 0x0000000083000000|  0%| F|  |TAMS 0x0000000082f00000| PB 0x0000000082f00000| Untracked 
|  48|0x0000000083000000, 0x0000000083000000, 0x0000000083100000|  0%| F|  |TAMS 0x0000000083000000| PB 0x0000000083000000| Untracked 
|  49|0x0000000083100000, 0x0000000083100000, 0x0000000083200000|  0%| F|  |TAMS 0x0000000083100000| PB 0x0000000083100000| Untracked 
|  50|0x0000000083200000, 0x0000000083200000, 0x0000000083300000|  0%| F|  |TAMS 0x0000000083200000| PB 0x0000000083200000| Untracked 
|  51|0x0000000083300000, 0x0000000083300000, 0x0000000083400000|  0%| F|  |TAMS 0x0000000083300000| PB 0x0000000083300000| Untracked 
|  52|0x0000000083400000, 0x0000000083400000, 0x0000000083500000|  0%| F|  |TAMS 0x0000000083400000| PB 0x0000000083400000| Untracked 
|  84|0x0000000085400000, 0x0000000085400000, 0x0000000085500000|  0%| F|  |TAMS 0x0000000085400000| PB 0x0000000085400000| Untracked 
|  85|0x0000000085500000, 0x0000000085500000, 0x0000000085600000|  0%| F|  |TAMS 0x0000000085500000| PB 0x0000000085500000| Untracked 
|  86|0x0000000085600000, 0x0000000085600000, 0x0000000085700000|  0%| F|  |TAMS 0x0000000085600000| PB 0x0000000085600000| Untracked 
|  87|0x0000000085700000, 0x0000000085700000, 0x0000000085800000|  0%| F|  |TAMS 0x0000000085700000| PB 0x0000000085700000| Untracked 
|  88|0x0000000085800000, 0x0000000085800000, 0x0000000085900000|  0%| F|  |TAMS 0x0000000085800000| PB 0x0000000085800000| Untracked 
|  89|0x0000000085900000, 0x0000000085900000, 0x0000000085a00000|  0%| F|  |TAMS 0x0000000085900000| PB 0x0000000085900000| Untracked 
|  90|0x0000000085a00000, 0x0000000085a00000, 0x0000000085b00000|  0%| F|  |TAMS 0x0000000085a00000| PB 0x0000000085a00000| Untracked 
|  91|0x0000000085b00000, 0x0000000085b00000, 0x0000000085c00000|  0%| F|  |TAMS 0x0000000085b00000| PB 0x0000000085b00000| Untracked 
|  92|0x0000000085c00000, 0x0000000085c00000, 0x0000000085d00000|  0%| F|  |TAMS 0x0000000085c00000| PB 0x0000000085c00000| Untracked 
|  93|0x0000000085d00000, 0x0000000085d00000, 0x0000000085e00000|  0%| F|  |TAMS 0x0000000085d00000| PB 0x0000000085d00000| Untracked 
|  94|0x0000000085e00000, 0x0000000085e00000, 0x0000000085f00000|  0%| F|  |TAMS 0x0000000085e00000| PB 0x0000000085e00000| Untracked 
|  95|0x0000000085f00000, 0x0000000085f5e408, 0x0000000086000000| 36%| E|  |TAMS 0x0000000085f00000| PB 0x0000000085f00000| Complete 
|  96|0x0000000086000000, 0x0000000086100000, 0x0000000086100000|100%| E|CS|TAMS 0x0000000086000000| PB 0x0000000086000000| Complete 
| 189|0x000000008bd00000, 0x000000008be00000, 0x000000008be00000|100%| E|CS|TAMS 0x000000008bd00000| PB 0x000000008bd00000| Complete 

Card table byte_map: [0x00000194f4ca0000,0x00000194f50a0000] _byte_map_base: 0x00000194f48a0000

Marking Bits: (CMBitMap*) 0x00000194f17a1b40
 Bits: [0x00000194f50a0000, 0x00000194f70a0000)

Polling page: 0x00000194f0d30000

Metaspace:

Usage:
  Non-class:     26.40 MB used.
      Class:      3.91 MB used.
       Both:     30.31 MB used.

Virtual space:
  Non-class space:       64.00 MB reserved,      26.75 MB ( 42%) committed,  1 nodes.
      Class space:        1.00 GB reserved,       4.19 MB ( <1%) committed,  1 nodes.
             Both:        1.06 GB reserved,      30.94 MB (  3%) committed. 

Chunk freelists:
   Non-Class:  5.14 MB
       Class:  11.85 MB
        Both:  16.99 MB

MaxMetaspaceSize: unlimited
CompressedClassSpaceSize: 1.00 GB
Initial GC threshold: 21.00 MB
Current GC threshold: 35.12 MB
CDS: off
 - commit_granule_bytes: 65536.
 - commit_granule_words: 8192.
 - virtual_space_node_default_size: 8388608.
 - enlarge_chunks_in_place: 1.
 - use_allocation_guard: 0.


Internal statistics:

num_allocs_failed_limit: 3.
num_arena_births: 916.
num_arena_deaths: 0.
num_vsnodes_births: 2.
num_vsnodes_deaths: 0.
num_space_committed: 495.
num_space_uncommitted: 0.
num_chunks_returned_to_freelist: 3.
num_chunks_taken_from_freelist: 1786.
num_chunk_merges: 3.
num_chunk_splits: 1144.
num_chunks_enlarged: 754.
num_inconsistent_stats: 0.

CodeHeap 'non-profiled nmethods': size=120000Kb used=1570Kb max_used=1570Kb free=118429Kb
 bounds [0x0000019487ad0000, 0x0000019487d40000, 0x000001948f000000]
CodeHeap 'profiled nmethods': size=120000Kb used=6177Kb max_used=6177Kb free=113822Kb
 bounds [0x0000019480000000, 0x0000019480610000, 0x0000019487530000]
CodeHeap 'non-nmethods': size=5760Kb used=1480Kb max_used=1569Kb free=4279Kb
 bounds [0x0000019487530000, 0x00000194877a0000, 0x0000019487ad0000]
 total_blobs=3630 nmethods=3054 adapters=480
 compilation: enabled
              stopped_count=0, restarted_count=0
 full_count=0

Compilation events (20 events):
Event: 7.835 Thread 0x00000194f97a5b60 nmethod 3029 0x00000194805fc610 code [0x00000194805fc7c0, 0x00000194805fc9b8]
Event: 7.835 Thread 0x00000194f97a5b60 3031       3       org.objectweb.asm.Frame::pop (53 bytes)
Event: 7.836 Thread 0x00000194f97a5b60 nmethod 3031 0x00000194805fca90 code [0x00000194805fcce0, 0x00000194805fd438]
Event: 7.836 Thread 0x00000194f97a5b60 3032       3       java.util.stream.Sink::begin (1 bytes)
Event: 7.836 Thread 0x00000194f97a5b60 nmethod 3032 0x00000194805fd790 code [0x00000194805fd920, 0x00000194805fda28]
Event: 7.837 Thread 0x00000194f97a5b60 3033       3       org.objectweb.asm.Label::getCanonicalInstance (19 bytes)
Event: 7.837 Thread 0x00000194f97a5b60 nmethod 3033 0x00000194805fda90 code [0x00000194805fdc40, 0x00000194805fdda0]
Event: 7.837 Thread 0x00000194f97a5b60 3034       3       org.objectweb.asm.MethodVisitor::<init> (79 bytes)
Event: 7.838 Thread 0x00000194f97a5b60 nmethod 3034 0x00000194805fde90 code [0x00000194805fe0e0, 0x00000194805fe9a8]
Event: 7.838 Thread 0x00000194f97a5b60 3035       3       org.objectweb.asm.SymbolTable::addConstantMethodref (24 bytes)
Event: 7.838 Thread 0x00000194f97a5b60 nmethod 3035 0x00000194805fec90 code [0x00000194805fee40, 0x00000194805fefe0]
Event: 7.838 Thread 0x00000194f97a5b60 3037       3       org.objectweb.asm.Type::getReturnTypeOffset (64 bytes)
Event: 7.839 Thread 0x00000194f97a5b60 nmethod 3037 0x00000194805ff090 code [0x00000194805ff380, 0x0000019480600510]
Event: 7.839 Thread 0x00000194f97a5b60 3036       3       org.objectweb.asm.Frame::getInputStackSize (6 bytes)
Event: 7.839 Thread 0x00000194f97a5b60 nmethod 3036 0x0000019480600c10 code [0x0000019480600da0, 0x0000019480600eb8]
Event: 7.839 Thread 0x00000194f97a5b60 3039       3       jdk.internal.org.objectweb.asm.MethodVisitor::visitFieldInsn (20 bytes)
Event: 7.839 Thread 0x00000194f97a5b60 nmethod 3039 0x0000019480600f90 code [0x0000019480601140, 0x0000019480601340]
Event: 7.839 Thread 0x00000194f97a5b60 3038       3       java.lang.invoke.MethodHandles$Lookup::hasFullPrivilegeAccess (18 bytes)
Event: 7.840 Thread 0x00000194f97a5b60 nmethod 3038 0x0000019480601410 code [0x00000194806015a0, 0x0000019480601708]
Event: 7.841 Thread 0x00000194f97a5b60 3040       3       org.objectweb.asm.Frame::getLocal (46 bytes)

GC Heap History (10 events):
Event: 1.213 GC heap before
{Heap before GC invocations=0 (full 0):
 garbage-first heap   total 194560K, used 12288K [0x0000000080000000, 0x0000000100000000)
  region size 1024K, 13 young (13312K), 0 survivors (0K)
 Metaspace       used 7385K, committed 7488K, reserved 1114112K
  class space    used 665K, committed 704K, reserved 1048576K
}
Event: 1.220 GC heap after
{Heap after GC invocations=1 (full 0):
 garbage-first heap   total 194560K, used 1216K [0x0000000080000000, 0x0000000100000000)
  region size 1024K, 2 young (2048K), 2 survivors (2048K)
 Metaspace       used 7385K, committed 7488K, reserved 1114112K
  class space    used 665K, committed 704K, reserved 1048576K
}
Event: 3.078 GC heap before
{Heap before GC invocations=1 (full 0):
 garbage-first heap   total 194560K, used 28864K [0x0000000080000000, 0x0000000100000000)
  region size 1024K, 27 young (27648K), 2 survivors (2048K)
 Metaspace       used 11209K, committed 11392K, reserved 1114112K
  class space    used 1164K, committed 1280K, reserved 1048576K
}
Event: 3.083 GC heap after
{Heap after GC invocations=2 (full 0):
 garbage-first heap   total 194560K, used 9711K [0x0000000080000000, 0x0000000100000000)
  region size 1024K, 4 young (4096K), 4 survivors (4096K)
 Metaspace       used 11209K, committed 11392K, reserved 1114112K
  class space    used 1164K, committed 1280K, reserved 1048576K
}
Event: 5.417 GC heap before
{Heap before GC invocations=2 (full 0):
 garbage-first heap   total 194560K, used 100847K [0x0000000080000000, 0x0000000100000000)
  region size 1024K, 93 young (95232K), 4 survivors (4096K)
 Metaspace       used 21241K, committed 21504K, reserved 1114112K
  class space    used 2434K, committed 2560K, reserved 1048576K
}
Event: 5.429 GC heap after
{Heap after GC invocations=3 (full 0):
 garbage-first heap   total 194560K, used 19855K [0x0000000080000000, 0x0000000100000000)
  region size 1024K, 13 young (13312K), 13 survivors (13312K)
 Metaspace       used 21241K, committed 21504K, reserved 1114112K
  class space    used 2434K, committed 2560K, reserved 1048576K
}
Event: 6.309 GC heap before
{Heap before GC invocations=4 (full 0):
 garbage-first heap   total 68608K, used 46479K [0x0000000080000000, 0x0000000100000000)
  region size 1024K, 40 young (40960K), 13 survivors (13312K)
 Metaspace       used 26451K, committed 27008K, reserved 1114112K
  class space    used 3205K, committed 3456K, reserved 1048576K
}
Event: 6.320 GC heap after
{Heap after GC invocations=5 (full 0):
 garbage-first heap   total 68608K, used 21440K [0x0000000080000000, 0x0000000100000000)
  region size 1024K, 2 young (2048K), 2 survivors (2048K)
 Metaspace       used 26451K, committed 27008K, reserved 1114112K
  class space    used 3205K, committed 3456K, reserved 1048576K
}
Event: 7.707 GC heap before
{Heap before GC invocations=5 (full 0):
 garbage-first heap   total 68608K, used 52160K [0x0000000080000000, 0x0000000100000000)
  region size 1024K, 33 young (33792K), 2 survivors (2048K)
 Metaspace       used 30678K, committed 31232K, reserved 1114112K
  class space    used 3965K, committed 4224K, reserved 1048576K
}
Event: 7.714 GC heap after
{Heap after GC invocations=6 (full 0):
 garbage-first heap   total 68608K, used 24198K [0x0000000080000000, 0x0000000100000000)
  region size 1024K, 4 young (4096K), 4 survivors (4096K)
 Metaspace       used 30678K, committed 31232K, reserved 1114112K
  class space    used 3965K, committed 4224K, reserved 1048576K
}

Dll operation events (3 events):
Event: 0.030 Loaded shared library C:\Program Files\Android\Android Studio\jbr\bin\java.dll
Event: 0.042 Loaded shared library C:\Program Files\Android\Android Studio\jbr\bin\zip.dll
Event: 1.940 Loaded shared library C:\Program Files\Android\Android Studio\jbr\bin\verify.dll

Deoptimization events (20 events):
Event: 6.199 Thread 0x000001948f24d400 DEOPT PACKING pc=0x0000019487b047fc sp=0x00000063a95fb500
Event: 6.199 Thread 0x000001948f24d400 DEOPT UNPACKING pc=0x00000194875846a2 sp=0x00000063a95fb4d0 mode 2
Event: 6.298 Thread 0x000001948f24d400 Uncommon trap: trap_request=0xffffff45 fr.pc=0x0000019487afcc94 relative=0x00000000000000f4
Event: 6.298 Thread 0x000001948f24d400 Uncommon trap: reason=unstable_if action=reinterpret pc=0x0000019487afcc94 method=java.util.HashMap.hash(Ljava/lang/Object;)I @ 1 c2
Event: 6.298 Thread 0x000001948f24d400 DEOPT PACKING pc=0x0000019487afcc94 sp=0x00000063a95fc560
Event: 6.298 Thread 0x000001948f24d400 DEOPT UNPACKING pc=0x00000194875846a2 sp=0x00000063a95fc4a0 mode 2
Event: 6.613 Thread 0x000001948f24d400 DEOPT PACKING pc=0x0000019480517396 sp=0x00000063a95f75e0
Event: 6.613 Thread 0x000001948f24d400 DEOPT UNPACKING pc=0x0000019487584e42 sp=0x00000063a95f6b28 mode 0
Event: 7.756 Thread 0x000001948f24d400 Uncommon trap: trap_request=0xffffff45 fr.pc=0x0000019487c1689c relative=0x00000000000000fc
Event: 7.756 Thread 0x000001948f24d400 Uncommon trap: reason=unstable_if action=reinterpret pc=0x0000019487c1689c method=java.util.Arrays.equals([Ljava/lang/Object;[Ljava/lang/Object;)Z @ 44 c2
Event: 7.756 Thread 0x000001948f24d400 DEOPT PACKING pc=0x0000019487c1689c sp=0x00000063a95fb6e0
Event: 7.757 Thread 0x000001948f24d400 DEOPT UNPACKING pc=0x00000194875846a2 sp=0x00000063a95fb680 mode 2
Event: 7.757 Thread 0x000001948f24d400 Uncommon trap: trap_request=0xffffff45 fr.pc=0x0000019487c542bc relative=0x00000000000002dc
Event: 7.757 Thread 0x000001948f24d400 Uncommon trap: reason=unstable_if action=reinterpret pc=0x0000019487c542bc method=java.util.HashMap.getNode(Ljava/lang/Object;)Ljava/util/HashMap$Node; @ 131 c2
Event: 7.757 Thread 0x000001948f24d400 DEOPT PACKING pc=0x0000019487c542bc sp=0x00000063a95fb7a0
Event: 7.757 Thread 0x000001948f24d400 DEOPT UNPACKING pc=0x00000194875846a2 sp=0x00000063a95fb710 mode 2
Event: 7.757 Thread 0x000001948f24d400 Uncommon trap: trap_request=0xffffff45 fr.pc=0x0000019487c55054 relative=0x00000000000007b4
Event: 7.757 Thread 0x000001948f24d400 Uncommon trap: reason=unstable_if action=reinterpret pc=0x0000019487c55054 method=java.util.HashMap.putVal(ILjava/lang/Object;Ljava/lang/Object;ZZ)Ljava/lang/Object; @ 206 c2
Event: 7.757 Thread 0x000001948f24d400 DEOPT PACKING pc=0x0000019487c55054 sp=0x00000063a95fb710
Event: 7.757 Thread 0x000001948f24d400 DEOPT UNPACKING pc=0x00000194875846a2 sp=0x00000063a95fb698 mode 2

Classes loaded (20 events):
Event: 6.461 Loading class java/util/Collections$2
Event: 6.461 Loading class java/util/Collections$2 done
Event: 6.617 Loading class java/util/function/LongFunction
Event: 6.617 Loading class java/util/function/LongFunction done
Event: 6.728 Loading class java/security/InvalidKeyException
Event: 6.728 Loading class java/security/KeyException
Event: 6.728 Loading class java/security/KeyException done
Event: 6.728 Loading class java/security/InvalidKeyException done
Event: 6.781 Loading class java/util/regex/Pattern$Dollar
Event: 6.781 Loading class java/util/regex/Pattern$Dollar done
Event: 7.574 Loading class javax/xml/parsers/ParserConfigurationException
Event: 7.576 Loading class javax/xml/parsers/ParserConfigurationException done
Event: 7.576 Loading class org/xml/sax/SAXException
Event: 7.576 Loading class org/xml/sax/SAXException done
Event: 7.576 Loading class javax/xml/xpath/XPathExpressionException
Event: 7.576 Loading class javax/xml/xpath/XPathException
Event: 7.576 Loading class javax/xml/xpath/XPathException done
Event: 7.576 Loading class javax/xml/xpath/XPathExpressionException done
Event: 7.576 Loading class org/xml/sax/ErrorHandler
Event: 7.576 Loading class org/xml/sax/ErrorHandler done

Classes unloaded (0 events):
No events

Classes redefined (0 events):
No events

Internal exceptions (20 events):
Event: 6.333 Thread 0x000001948f24d400 Exception <a 'java/lang/NoSuchMethodError'{0x000000008bd97540}: 'int java.lang.invoke.DirectMethodHandle$Holder.invokeStatic(java.lang.Object, java.lang.Object, java.lang.Object, java.lang.Object)'> (0x000000008bd97540) 
thrown [s\src\hotspot\share\interpreter\linkResolver.cpp, line 784]
Event: 6.384 Thread 0x000001948f24d400 Exception <a 'java/lang/NoSuchMethodError'{0x0000000085f59bc8}: 'java.lang.Object java.lang.invoke.DelegatingMethodHandle$Holder.reinvoke_L(java.lang.Object, java.lang.Object, java.lang.Object, java.lang.Object, java.lang.Object, java.lang.Object, java.lang.Object, java.lang.Object, java.lang.Object, java.lang.Object, java.lang.Object, java.lang.Object, java.lang.Object, java.lang.Object, java.lang.Object, java.lang.Object, java.lang.Object, java.lang.Object, java.lang.Object, java.lang.Object, java.lang.O
Event: 6.391 Thread 0x000001948f24d400 Exception <a 'java/lang/NoSuchMethodError'{0x0000000085fe2530}: 'java.lang.Object java.lang.invoke.DirectMethodHandle$Holder.invokeStatic(java.lang.Object, java.lang.Object, java.lang.Object, java.lang.Object, java.lang.Object, java.lang.Object, java.lang.Object, java.lang.Object, java.lang.Object, java.lang.Object, java.lang.Object, java.lang.Object, java.lang.Object, java.lang.Object, java.lang.Object, java.lang.Object, java.lang.Object)'> (0x0000000085fe2530) 
thrown [s\src\hotspot\share\interpreter\lin
Event: 6.393 Thread 0x000001948f24d400 Exception <a 'java/lang/NoSuchMethodError'{0x0000000085e0b518}: 'java.lang.Object java.lang.invoke.DirectMethodHandle$Holder.invokeStatic(java.lang.Object, java.lang.Object, java.lang.Object, java.lang.Object, java.lang.Object, java.lang.Object, java.lang.Object, java.lang.Object, java.lang.Object, java.lang.Object, java.lang.Object, java.lang.Object, java.lang.Object, java.lang.Object, java.lang.Object, java.lang.Object, java.lang.Object, java.lang.Object)'> (0x0000000085e0b518) 
thrown [s\src\hotspot\sha
Event: 6.395 Thread 0x000001948f24d400 Exception <a 'java/lang/NoSuchMethodError'{0x0000000085e355a8}: 'java.lang.Object java.lang.invoke.DirectMethodHandle$Holder.invokeStatic(java.lang.Object, java.lang.Object, java.lang.Object, java.lang.Object, java.lang.Object, java.lang.Object, java.lang.Object, java.lang.Object, java.lang.Object, java.lang.Object, java.lang.Object, java.lang.Object, java.lang.Object, java.lang.Object, java.lang.Object, java.lang.Object, java.lang.Object, java.lang.Object, java.lang.Object)'> (0x0000000085e355a8) 
thrown 
Event: 6.398 Thread 0x000001948f24d400 Exception <a 'java/lang/NoSuchMethodError'{0x0000000085e60d10}: 'java.lang.Object java.lang.invoke.DirectMethodHandle$Holder.invokeStatic(java.lang.Object, java.lang.Object, java.lang.Object, java.lang.Object, java.lang.Object, java.lang.Object, java.lang.Object, java.lang.Object, java.lang.Object, java.lang.Object, java.lang.Object, java.lang.Object, java.lang.Object, java.lang.Object, java.lang.Object, java.lang.Object, java.lang.Object, java.lang.Object, java.lang.Object, java.lang.Object)'> (0x00000000
Event: 6.401 Thread 0x000001948f24d400 Exception <a 'java/lang/NoSuchMethodError'{0x0000000085e8d448}: 'java.lang.Object java.lang.invoke.DirectMethodHandle$Holder.invokeStatic(java.lang.Object, java.lang.Object, java.lang.Object, java.lang.Object, java.lang.Object, java.lang.Object, java.lang.Object, java.lang.Object, java.lang.Object, java.lang.Object, java.lang.Object, java.lang.Object, java.lang.Object, java.lang.Object, java.lang.Object, java.lang.Object, java.lang.Object, java.lang.Object, java.lang.Object, java.lang.Object, java.lang.Obj
Event: 6.404 Thread 0x000001948f24d400 Exception <a 'java/lang/NoSuchMethodError'{0x0000000085ebae68}: 'java.lang.Object java.lang.invoke.DirectMethodHandle$Holder.invokeStatic(java.lang.Object, java.lang.Object, java.lang.Object, java.lang.Object, java.lang.Object, java.lang.Object, java.lang.Object, java.lang.Object, java.lang.Object, java.lang.Object, java.lang.Object, java.lang.Object, java.lang.Object, java.lang.Object, java.lang.Object, java.lang.Object, java.lang.Object, java.lang.Object, java.lang.Object, java.lang.Object, java.lang.Obj
Event: 6.407 Thread 0x000001948f24d400 Exception <a 'java/lang/NoSuchMethodError'{0x0000000085ee9128}: 'java.lang.Object java.lang.invoke.DirectMethodHandle$Holder.invokeStatic(java.lang.Object, java.lang.Object, java.lang.Object, java.lang.Object, java.lang.Object, java.lang.Object, java.lang.Object, java.lang.Object, java.lang.Object, java.lang.Object, java.lang.Object, java.lang.Object, java.lang.Object, java.lang.Object, java.lang.Object, java.lang.Object, java.lang.Object, java.lang.Object, java.lang.Object, java.lang.Object, java.lang.Obj
Event: 6.409 Thread 0x000001948f24d400 Exception <a 'java/lang/NoSuchMethodError'{0x0000000085d18880}: 'java.lang.Object java.lang.invoke.DirectMethodHandle$Holder.invokeStatic(java.lang.Object, java.lang.Object, java.lang.Object, java.lang.Object, java.lang.Object, java.lang.Object, java.lang.Object, java.lang.Object, java.lang.Object, java.lang.Object, java.lang.Object, java.lang.Object, java.lang.Object, java.lang.Object, java.lang.Object, java.lang.Object, java.lang.Object, java.lang.Object, java.lang.Object, java.lang.Object, java.lang.Obj
Event: 6.411 Thread 0x000001948f24d400 Exception <a 'java/lang/NoSuchMethodError'{0x0000000085d48660}: 'java.lang.Object java.lang.invoke.DirectMethodHandle$Holder.invokeStatic(java.lang.Object, java.lang.Object, java.lang.Object, java.lang.Object, java.lang.Object, java.lang.Object, java.lang.Object, java.lang.Object, java.lang.Object, java.lang.Object, java.lang.Object, java.lang.Object, java.lang.Object, java.lang.Object, java.lang.Object, java.lang.Object, java.lang.Object, java.lang.Object, java.lang.Object, java.lang.Object, java.lang.Obj
Event: 6.414 Thread 0x000001948f24d400 Exception <a 'java/lang/NoSuchMethodError'{0x0000000085d7a020}: 'java.lang.Object java.lang.invoke.DirectMethodHandle$Holder.invokeStatic(java.lang.Object, java.lang.Object, java.lang.Object, java.lang.Object, java.lang.Object, java.lang.Object, java.lang.Object, java.lang.Object, java.lang.Object, java.lang.Object, java.lang.Object, java.lang.Object, java.lang.Object, java.lang.Object, java.lang.Object, java.lang.Object, java.lang.Object, java.lang.Object, java.lang.Object, java.lang.Object, java.lang.Obj
Event: 6.441 Thread 0x000001948f24d400 Exception <a 'java/lang/IncompatibleClassChangeError'{0x0000000085c95ef8}: Found class java.lang.Object, but interface was expected> (0x0000000085c95ef8) 
thrown [s\src\hotspot\share\interpreter\linkResolver.cpp, line 851]
Event: 6.770 Thread 0x000001948f24d400 Exception <a 'java/lang/IncompatibleClassChangeError'{0x0000000083213c10}: Found class java.lang.Object, but interface was expected> (0x0000000083213c10) 
thrown [s\src\hotspot\share\interpreter\linkResolver.cpp, line 851]
Event: 6.775 Thread 0x000001948f24d400 Exception <a 'java/lang/NoSuchMethodError'{0x000000008323d200}: 'java.lang.Object java.lang.invoke.DirectMethodHandle$Holder.newInvokeSpecial(java.lang.Object, java.lang.Object, java.lang.Object, java.lang.Object, java.lang.Object, java.lang.Object, java.lang.Object, java.lang.Object, java.lang.Object, java.lang.Object)'> (0x000000008323d200) 
thrown [s\src\hotspot\share\interpreter\linkResolver.cpp, line 784]
Event: 6.802 Thread 0x000001948f24d400 Exception <a 'java/lang/NoSuchMethodError'{0x0000000083140a68}: 'java.lang.Object java.lang.invoke.DirectMethodHandle$Holder.newInvokeSpecial(java.lang.Object, java.lang.Object, java.lang.Object, java.lang.Object, java.lang.Object, java.lang.Object, java.lang.Object, java.lang.Object)'> (0x0000000083140a68) 
thrown [s\src\hotspot\share\interpreter\linkResolver.cpp, line 784]
Event: 6.826 Thread 0x000001948f24d400 Exception <a 'java/lang/NoSuchMethodError'{0x00000000831fe228}: 'int java.lang.invoke.DirectMethodHandle$Holder.invokeStaticInit(java.lang.Object, java.lang.Object, java.lang.Object)'> (0x00000000831fe228) 
thrown [s\src\hotspot\share\interpreter\linkResolver.cpp, line 784]
Event: 7.197 Thread 0x000001948f24d400 Exception <a 'java/lang/NoSuchMethodError'{0x0000000082ba6cb8}: 'java.lang.Object java.lang.invoke.DirectMethodHandle$Holder.invokeVirtual(java.lang.Object, java.lang.Object, java.lang.Object, java.lang.Object, java.lang.Object, java.lang.Object, java.lang.Object, java.lang.Object, java.lang.Object, java.lang.Object, java.lang.Object, java.lang.Object, java.lang.Object, java.lang.Object, java.lang.Object, java.lang.Object, java.lang.Object, java.lang.Object, java.lang.Object, java.lang.Object, java.lang.Ob
Event: 7.210 Thread 0x000001948f24d400 Exception <a 'java/lang/NoSuchMethodError'{0x0000000082a193c0}: 'java.lang.Object java.lang.invoke.DirectMethodHandle$Holder.invokeSpecial(java.lang.Object, java.lang.Object, java.lang.Object, java.lang.Object, java.lang.Object, java.lang.Object, java.lang.Object, java.lang.Object, java.lang.Object, java.lang.Object, java.lang.Object, java.lang.Object, java.lang.Object, java.lang.Object, java.lang.Object, java.lang.Object, java.lang.Object, java.lang.Object, java.lang.Object, java.lang.Object, java.lang.Ob
Event: 7.817 Thread 0x000001948f24d400 Exception <a 'java/lang/NoSuchMethodError'{0x0000000086048b90}: 'java.lang.Object java.lang.invoke.DirectMethodHandle$Holder.newInvokeSpecial(java.lang.Object, java.lang.Object, java.lang.Object, java.lang.Object, java.lang.Object, java.lang.Object, java.lang.Object)'> (0x0000000086048b90) 
thrown [s\src\hotspot\share\interpreter\linkResolver.cpp, line 784]

ZGC Phase Switch (0 events):
No events

VM Operations (20 events):
Event: 5.373 Executing VM operation: ICBufferFull
Event: 5.373 Executing VM operation: ICBufferFull done
Event: 5.417 Executing VM operation: CollectForMetadataAllocation (Metadata GC Threshold)
Event: 5.429 Executing VM operation: CollectForMetadataAllocation (Metadata GC Threshold) done
Event: 5.439 Executing VM operation: G1PauseRemark
Event: 5.441 Executing VM operation: G1PauseRemark done
Event: 5.443 Executing VM operation: G1PauseCleanup
Event: 5.462 Executing VM operation: G1PauseCleanup done
Event: 6.007 Executing VM operation: HandshakeAllThreads (Deoptimize)
Event: 6.007 Executing VM operation: HandshakeAllThreads (Deoptimize) done
Event: 6.308 Executing VM operation: G1CollectForAllocation (G1 Evacuation Pause)
Event: 6.320 Executing VM operation: G1CollectForAllocation (G1 Evacuation Pause) done
Event: 6.424 Executing VM operation: HandshakeAllThreads (Deoptimize)
Event: 6.424 Executing VM operation: HandshakeAllThreads (Deoptimize) done
Event: 6.425 Executing VM operation: HandshakeAllThreads (Deoptimize)
Event: 6.425 Executing VM operation: HandshakeAllThreads (Deoptimize) done
Event: 7.434 Executing VM operation: Cleanup
Event: 7.450 Executing VM operation: Cleanup done
Event: 7.707 Executing VM operation: G1CollectForAllocation (G1 Evacuation Pause)
Event: 7.714 Executing VM operation: G1CollectForAllocation (G1 Evacuation Pause) done

Memory protections (0 events):
No events

Nmethod flushes (0 events):
No events

Events (20 events):
Event: 3.333 Thread 0x00000194f97a4560 Thread added: 0x00000194fee72220
Event: 3.525 Thread 0x00000194fee72220 Thread exited: 0x00000194fee72220
Event: 4.405 Loaded shared library C:\Program Files\Android\Android Studio\jbr\bin\management.dll
Event: 4.408 Loaded shared library C:\Program Files\Android\Android Studio\jbr\bin\management_ext.dll
Event: 4.499 Thread 0x00000194ef336810 Thread added: 0x00000194ff0cbf70
Event: 4.827 Loaded shared library C:\Program Files\Android\Android Studio\jbr\bin\extnet.dll
Event: 4.880 Thread 0x00000194ef336810 Thread added: 0x000001948f395f90
Event: 5.034 Thread 0x00000194ef336810 Thread added: 0x000001948f38fef0
Event: 5.202 Thread 0x000001948f395f90 Thread added: 0x000001948f0e0d60
Event: 5.207 Thread 0x000001948f0e0d60 Thread added: 0x000001948f0e1790
Event: 5.338 Thread 0x000001948f0e0d60 Thread added: 0x000001948f230ad0
Event: 5.348 Thread 0x000001948f0e0d60 Thread added: 0x000001948f24d400
Event: 5.362 Thread 0x000001948f24d400 Thread added: 0x000001948f4014c0
Event: 5.368 Thread 0x000001948f24d400 Thread added: 0x000001948f437140
Event: 5.371 Thread 0x000001948f24d400 Thread added: 0x000001948f4377a0
Event: 6.007 Thread 0x000001948f24d400 Thread added: 0x000001948f434830
Event: 6.024 Thread 0x000001948f24d400 Thread added: 0x000001948f432df0
Event: 6.083 Thread 0x000001948f24d400 Thread added: 0x000001948f431a40
Event: 6.784 Thread 0x00000194f97a5b60 Thread added: 0x000001948f4dff10
Event: 7.524 Thread 0x000001948f24d400 Thread added: 0x000001948f433480


Dynamic libraries:
0x00007ff71f3d0000 - 0x00007ff71f3da000 	C:\Program Files\Android\Android Studio\jbr\bin\java.exe
0x00007ff885dc0000 - 0x00007ff886025000 	C:\WINDOWS\SYSTEM32\ntdll.dll
0x00007ff884510000 - 0x00007ff8845d9000 	C:\WINDOWS\System32\KERNEL32.DLL
0x00007ff883230000 - 0x00007ff883618000 	C:\WINDOWS\System32\KERNELBASE.dll
0x00007ff8830e0000 - 0x00007ff88322b000 	C:\WINDOWS\System32\ucrtbase.dll
0x00007ff869480000 - 0x00007ff869498000 	C:\Program Files\Android\Android Studio\jbr\bin\jli.dll
0x00007ff8846b0000 - 0x00007ff88487a000 	C:\WINDOWS\System32\USER32.dll
0x00007ff883a90000 - 0x00007ff883ab7000 	C:\WINDOWS\System32\win32u.dll
0x00007ff87dcd0000 - 0x00007ff87dceb000 	C:\Program Files\Android\Android Studio\jbr\bin\VCRUNTIME140.dll
0x00007ff884880000 - 0x00007ff8848ab000 	C:\WINDOWS\System32\GDI32.dll
0x00007ff882f10000 - 0x00007ff883047000 	C:\WINDOWS\System32\gdi32full.dll
0x00007ff86c310000 - 0x00007ff86c5aa000 	C:\WINDOWS\WinSxS\amd64_microsoft.windows.common-controls_6595b64144ccf1df_6.0.26100.4202_none_3e0698d4e335f517\COMCTL32.dll
0x00007ff885740000 - 0x00007ff8857e9000 	C:\WINDOWS\System32\msvcrt.dll
0x00007ff883620000 - 0x00007ff8836c3000 	C:\WINDOWS\System32\msvcp_win.dll
0x00007ff8857f0000 - 0x00007ff885820000 	C:\WINDOWS\System32\IMM32.DLL
0x00007ff87dcc0000 - 0x00007ff87dccc000 	C:\Program Files\Android\Android Studio\jbr\bin\vcruntime140_1.dll
0x00007ff82d920000 - 0x00007ff82d9ad000 	C:\Program Files\Android\Android Studio\jbr\bin\msvcp140.dll
0x00007ff81da40000 - 0x00007ff81e6cb000 	C:\Program Files\Android\Android Studio\jbr\bin\server\jvm.dll
0x00007ff8845f0000 - 0x00007ff8846a3000 	C:\WINDOWS\System32\ADVAPI32.dll
0x00007ff8848b0000 - 0x00007ff884956000 	C:\WINDOWS\System32\sechost.dll
0x00007ff8858b0000 - 0x00007ff8859c5000 	C:\WINDOWS\System32\RPCRT4.dll
0x00007ff885830000 - 0x00007ff8858a4000 	C:\WINDOWS\System32\WS2_32.dll
0x00007ff882d80000 - 0x00007ff882dde000 	C:\WINDOWS\SYSTEM32\POWRPROF.dll
0x00007ff86eca0000 - 0x00007ff86ecd5000 	C:\WINDOWS\SYSTEM32\WINMM.dll
0x00007ff87b4a0000 - 0x00007ff87b4ab000 	C:\WINDOWS\SYSTEM32\VERSION.dll
0x00007ff882d60000 - 0x00007ff882d74000 	C:\WINDOWS\SYSTEM32\UMPDC.dll
0x00007ff881c90000 - 0x00007ff881cab000 	C:\WINDOWS\SYSTEM32\kernel.appcore.dll
0x00007ff87dcb0000 - 0x00007ff87dcba000 	C:\Program Files\Android\Android Studio\jbr\bin\jimage.dll
0x00007ff84c0f0000 - 0x00007ff84c331000 	C:\WINDOWS\SYSTEM32\DBGHELP.DLL
0x00007ff884180000 - 0x00007ff884505000 	C:\WINDOWS\System32\combase.dll
0x00007ff8854a0000 - 0x00007ff885581000 	C:\WINDOWS\System32\OLEAUT32.dll
0x00007ff86d270000 - 0x00007ff86d2a9000 	C:\WINDOWS\SYSTEM32\dbgcore.DLL
0x00007ff883ac0000 - 0x00007ff883b59000 	C:\WINDOWS\System32\bcryptPrimitives.dll
0x00007ff86e620000 - 0x00007ff86e62e000 	C:\Program Files\Android\Android Studio\jbr\bin\instrument.dll
0x00007ff878900000 - 0x00007ff878920000 	C:\Program Files\Android\Android Studio\jbr\bin\java.dll
0x00007ff878630000 - 0x00007ff878648000 	C:\Program Files\Android\Android Studio\jbr\bin\zip.dll
0x00007ff884cc0000 - 0x00007ff885402000 	C:\WINDOWS\System32\SHELL32.dll
0x00007ff8836d0000 - 0x00007ff883844000 	C:\WINDOWS\System32\wintypes.dll
0x00007ff880b50000 - 0x00007ff8813a7000 	C:\WINDOWS\SYSTEM32\windows.storage.dll
0x00007ff884960000 - 0x00007ff884a51000 	C:\WINDOWS\System32\SHCORE.dll
0x00007ff883b60000 - 0x00007ff883bca000 	C:\WINDOWS\System32\shlwapi.dll
0x00007ff882e20000 - 0x00007ff882e4f000 	C:\WINDOWS\SYSTEM32\profapi.dll
0x00007ff87b430000 - 0x00007ff87b440000 	C:\Program Files\Android\Android Studio\jbr\bin\net.dll
0x00007ff87a070000 - 0x00007ff87a18e000 	C:\WINDOWS\SYSTEM32\WINHTTP.dll
0x00007ff8821e0000 - 0x00007ff88224a000 	C:\WINDOWS\system32\mswsock.dll
0x00007ff86e660000 - 0x00007ff86e676000 	C:\Program Files\Android\Android Studio\jbr\bin\nio.dll
0x00007ff86e690000 - 0x00007ff86e6a0000 	C:\Program Files\Android\Android Studio\jbr\bin\verify.dll
0x00007ff869430000 - 0x00007ff869457000 	C:\Users\andre\.gradle\native\c067742578af261105cb4f569cf0c3c89f3d7b1fecec35dd04571415982c5e48\windows-amd64\native-platform.dll
0x00007ff82c940000 - 0x00007ff82ca84000 	C:\Users\andre\.gradle\native\100fb08df4bc3b14c8652ba06237920a3bd2aa13389f12d3474272988ae205f9\windows-amd64\native-platform-file-events.dll
0x00007ff8788f0000 - 0x00007ff8788f9000 	C:\Program Files\Android\Android Studio\jbr\bin\management.dll
0x00007ff8782c0000 - 0x00007ff8782cb000 	C:\Program Files\Android\Android Studio\jbr\bin\management_ext.dll
0x00007ff883c60000 - 0x00007ff883c68000 	C:\WINDOWS\System32\PSAPI.DLL
0x00007ff8825c0000 - 0x00007ff8825db000 	C:\WINDOWS\SYSTEM32\CRYPTSP.dll
0x00007ff881bf0000 - 0x00007ff881c2a000 	C:\WINDOWS\system32\rsaenh.dll
0x00007ff882280000 - 0x00007ff8822ab000 	C:\WINDOWS\SYSTEM32\USERENV.dll
0x00007ff882df0000 - 0x00007ff882e16000 	C:\WINDOWS\SYSTEM32\bcrypt.dll
0x00007ff882420000 - 0x00007ff88242c000 	C:\WINDOWS\SYSTEM32\CRYPTBASE.dll
0x00007ff8816a0000 - 0x00007ff8816d3000 	C:\WINDOWS\SYSTEM32\IPHLPAPI.DLL
0x00007ff8845e0000 - 0x00007ff8845ea000 	C:\WINDOWS\System32\NSI.dll
0x00007ff878930000 - 0x00007ff878939000 	C:\Program Files\Android\Android Studio\jbr\bin\extnet.dll
0x00007ff85ff50000 - 0x00007ff85ff58000 	C:\WINDOWS\system32\wshunix.dll

dbghelp: loaded successfully - version: 4.0.5 - missing functions: none
symbol engine: initialized successfully - sym options: 0x614 - pdb path: .;C:\Program Files\Android\Android Studio\jbr\bin;C:\WINDOWS\SYSTEM32;C:\WINDOWS\WinSxS\amd64_microsoft.windows.common-controls_6595b64144ccf1df_6.0.26100.4202_none_3e0698d4e335f517;C:\Program Files\Android\Android Studio\jbr\bin\server;C:\Users\andre\.gradle\native\c067742578af261105cb4f569cf0c3c89f3d7b1fecec35dd04571415982c5e48\windows-amd64;C:\Users\andre\.gradle\native\100fb08df4bc3b14c8652ba06237920a3bd2aa13389f12d3474272988ae205f9\windows-amd64

VM Arguments:
jvm_args: --add-opens=java.base/java.lang=ALL-UNNAMED --add-opens=java.base/java.lang.invoke=ALL-UNNAMED --add-opens=java.base/java.util=ALL-UNNAMED --add-opens=java.prefs/java.util.prefs=ALL-UNNAMED --add-exports=jdk.compiler/com.sun.tools.javac.api=ALL-UNNAMED --add-exports=jdk.compiler/com.sun.tools.javac.util=ALL-UNNAMED --add-opens=java.base/java.util=ALL-UNNAMED --add-opens=java.prefs/java.util.prefs=ALL-UNNAMED --add-opens=java.base/java.nio.charset=ALL-UNNAMED --add-opens=java.base/java.net=ALL-UNNAMED --add-opens=java.base/java.util.concurrent.atomic=ALL-UNNAMED --add-opens=java.xml/javax.xml.namespace=ALL-UNNAMED -Xmx2048m -Dfile.encoding=UTF-8 -Duser.country=US -Duser.language=en -Duser.variant -javaagent:C:\Users\andre\.gradle\wrapper\dists\gradle-8.11.1-bin\bpt9gzteqjrbo1mjrsomdt32c\gradle-8.11.1\lib\agents\gradle-instrumentation-agent-8.11.1.jar 
java_command: org.gradle.launcher.daemon.bootstrap.GradleDaemon 8.11.1
java_class_path (initial): C:\Users\andre\.gradle\wrapper\dists\gradle-8.11.1-bin\bpt9gzteqjrbo1mjrsomdt32c\gradle-8.11.1\lib\gradle-daemon-main-8.11.1.jar
Launcher Type: SUN_STANDARD

[Global flags]
     intx CICompilerCount                          = 3                                         {product} {ergonomic}
     uint ConcGCThreads                            = 1                                         {product} {ergonomic}
     uint G1ConcRefinementThreads                  = 4                                         {product} {ergonomic}
   size_t G1HeapRegionSize                         = 1048576                                   {product} {ergonomic}
    uintx GCDrainStackTargetSize                   = 64                                        {product} {ergonomic}
   size_t InitialHeapSize                          = 199229440                                 {product} {ergonomic}
   size_t MarkStackSize                            = 4194304                                   {product} {ergonomic}
   size_t MaxHeapSize                              = 2147483648                                {product} {command line}
   size_t MaxNewSize                               = 1287651328                                {product} {ergonomic}
   size_t MinHeapDeltaBytes                        = 1048576                                   {product} {ergonomic}
   size_t MinHeapSize                              = 8388608                                   {product} {ergonomic}
    uintx NonNMethodCodeHeapSize                   = 5832780                                {pd product} {ergonomic}
    uintx NonProfiledCodeHeapSize                  = 122912730                              {pd product} {ergonomic}
    uintx ProfiledCodeHeapSize                     = 122912730                              {pd product} {ergonomic}
    uintx ReservedCodeCacheSize                    = 251658240                              {pd product} {ergonomic}
     bool SegmentedCodeCache                       = true                                      {product} {ergonomic}
   size_t SoftMaxHeapSize                          = 2147483648                             {manageable} {ergonomic}
     bool UseCompressedOops                        = true                           {product lp64_product} {ergonomic}
     bool UseG1GC                                  = true                                      {product} {ergonomic}
     bool UseLargePagesIndividualAllocation        = false                                  {pd product} {ergonomic}

Logging:
Log output configuration:
 #0: stdout all=warning uptime,level,tags foldmultilines=false
 #1: stderr all=off uptime,level,tags foldmultilines=false

Environment Variables:
PATH=C:\Python313\Scripts\;C:\Python313\;C:\WINDOWS\system32;C:\WINDOWS;C:\WINDOWS\System32\Wbem;C:\WINDOWS\System32\WindowsPowerShell\v1.0\;C:\WINDOWS\System32\OpenSSH\;C:\Program Files\Git\cmd;C:\Program Files\nodejs\;C:\ProgramData\chocolatey\bin;C:\Users\andre\AppData\Local\Programs\oh-my-posh\bin\;C:\Users\andre\AppData\Local\Microsoft\WindowsApps;C:\Users\andre\AppData\Roaming\npm
USERNAME=andre
OS=Windows_NT
PROCESSOR_IDENTIFIER=Intel64 Family 6 Model 142 Stepping 12, GenuineIntel
TMP=C:\Users\andre\AppData\Local\Temp
TEMP=C:\Users\andre\AppData\Local\Temp




Periodic native trim disabled

JNI global refs:
JNI global refs: 23, weak refs: 0

JNI global refs memory usage: 835, weak refs: 833

Process memory usage:
Resident Set Size: 216252K (1% of 12416636K total physical memory with 3335108K free physical memory)

OOME stack traces (most recent first):
Classloader memory used:
Loader bootstrap                                                                       : 16806K
Loader org.gradle.internal.classloader.VisitableURLClassLoader                         : 12006K
Loader org.gradle.initialization.MixInLegacyTypesClassLoader                           : 1862K
Loader jdk.internal.loader.ClassLoaders$AppClassLoader                                 : 234K
Loader jdk.internal.loader.ClassLoaders$PlatformClassLoader                            : 114K
Loader jdk.internal.reflect.DelegatingClassLoader                                      : 37752B

Classes loaded by more than one classloader:
Class org.gradle.internal.classloader.FilteringClassLoader                            : loaded 2 times (x 101B)
Class org.gradle.internal.classloader.ClassLoaderHierarchy                            : loaded 2 times (x 66B)
Class org.gradle.api.internal.classpath.ManifestUtil                                  : loaded 2 times (x 67B)
Class org.gradle.internal.classloader.DefaultClassLoaderFactory                       : loaded 2 times (x 78B)
Class org.gradle.internal.classloader.ClassLoaderVisitor                              : loaded 2 times (x 72B)
Class org.gradle.api.internal.classpath.EffectiveClassPath                            : loaded 2 times (x 86B)
Class org.gradle.api.internal.DefaultClassPathProvider                                : loaded 2 times (x 72B)
Class [Lorg.gradle.api.internal.ClassPathProvider;                                    : loaded 2 times (x 65B)
Class org.gradle.api.internal.ClassPathProvider                                       : loaded 2 times (x 66B)
Class org.gradle.internal.service.UnknownServiceException                             : loaded 2 times (x 79B)
Class org.gradle.internal.classpath.TransformedClassPath                              : loaded 2 times (x 92B)
Class org.gradle.internal.classloader.InstrumentingClassLoader                        : loaded 2 times (x 66B)
Class org.gradle.internal.service.ServiceLocator                                      : loaded 2 times (x 66B)
Class org.gradle.internal.InternalTransformer                                         : loaded 2 times (x 66B)
Class org.gradle.internal.classloader.ClasspathUtil$1                                 : loaded 2 times (x 72B)
Class org.gradle.api.internal.classpath.DefaultModuleRegistry$DefaultModule           : loaded 2 times (x 82B)
Class org.gradle.api.internal.classpath.Module                                        : loaded 2 times (x 66B)
Class org.gradle.api.internal.classpath.UnknownModuleException                        : loaded 2 times (x 78B)
Class org.gradle.api.internal.DefaultClassPathRegistry                                : loaded 2 times (x 72B)
Class org.gradle.api.internal.ClassPathRegistry                                       : loaded 2 times (x 66B)
Class org.gradle.internal.classpath.DefaultClassPath$ImmutableUniqueList              : loaded 2 times (x 195B)
Class org.gradle.internal.classpath.ClassPath                                         : loaded 2 times (x 66B)
Class org.gradle.api.UncheckedIOException                                             : loaded 2 times (x 78B)
Class org.gradle.internal.installation.GradleInstallation$1                           : loaded 2 times (x 71B)
Class org.gradle.api.internal.classpath.ModuleRegistry                                : loaded 2 times (x 66B)
Class org.gradle.api.internal.classpath.DefaultModuleRegistry                         : loaded 2 times (x 82B)
Class org.gradle.internal.service.ServiceLookupException                              : loaded 2 times (x 78B)
Class org.gradle.internal.classloader.ClassLoaderFactory                              : loaded 2 times (x 66B)
Class org.gradle.internal.service.CachingServiceLocator                               : loaded 2 times (x 78B)
Class org.gradle.internal.classloader.ClasspathUtil                                   : loaded 2 times (x 67B)
Class org.gradle.api.specs.Spec                                                       : loaded 2 times (x 66B)
Class org.gradle.internal.classloader.VisitableURLClassLoader$InstrumentingVisitableURLClassLoader: loaded 2 times (x 119B)
Class org.gradle.internal.classloader.VisitableURLClassLoader$Spec                    : loaded 2 times (x 70B)
Class org.gradle.internal.classpath.DefaultClassPath                                  : loaded 2 times (x 86B)
Class org.gradle.internal.classloader.ClassLoaderSpec                                 : loaded 2 times (x 67B)
Class org.gradle.internal.classloader.VisitableURLClassLoader                         : loaded 2 times (x 113B)
Class org.gradle.internal.Cast                                                        : loaded 2 times (x 67B)
Class org.gradle.api.Action                                                           : loaded 2 times (x 66B)
Class org.gradle.internal.classpath.DefaultClassPath$ImmutableUniqueList$Builder      : loaded 2 times (x 71B)
Class org.gradle.api.GradleException                                                  : loaded 2 times (x 78B)
Class org.gradle.internal.IoActions                                                   : loaded 2 times (x 67B)
Class org.gradle.internal.classloader.SystemClassLoaderSpec                           : loaded 2 times (x 67B)
Class org.gradle.api.internal.classpath.GlobalCacheRootsProvider                      : loaded 2 times (x 66B)
Class org.gradle.internal.installation.CurrentGradleInstallationLocator               : loaded 2 times (x 67B)
Class org.gradle.internal.service.DefaultServiceLocator                               : loaded 2 times (x 79B)
Class org.gradle.internal.installation.CurrentGradleInstallation                      : loaded 2 times (x 69B)
Class org.gradle.util.internal.GUtil                                                  : loaded 2 times (x 67B)
Class org.gradle.internal.installation.GradleInstallation                             : loaded 2 times (x 71B)

---------------  S Y S T E M  ---------------

OS:
 Windows 11 , 64 bit Build 26100 (10.0.26100.4202)
OS uptime: 0 days 3:08 hours
Hyper-V role detected

CPU: total 4 (initial active 4) (2 cores per cpu, 2 threads per core) family 6 model 142 stepping 12 microcode 0xea, cx8, cmov, fxsr, ht, mmx, 3dnowpref, sse, sse2, sse3, ssse3, sse4.1, sse4.2, popcnt, lzcnt, tsc, tscinvbit, avx, avx2, aes, erms, clmul, bmi1, bmi2, adx, fma, vzeroupper, clflush, clflushopt, hv, rdtscp, f16c
Processor Information for the first 4 processors :
  Max Mhz: 2501, Current Mhz: 2501, Mhz Limit: 2501

Memory: 4k page, system-wide physical 12125M (3256M free)
TotalPageFile size 15325M (AvailPageFile size 3917M)
current process WorkingSet (physical memory assigned to process): 211M, peak: 211M
current process commit charge ("private bytes"): 246M, peak: 307M

vm_info: OpenJDK 64-Bit Server VM (21.0.6+-13368085-b895.109) for windows-amd64 JRE (21.0.6+-13368085-b895.109), built on 2025-04-16T17:01:31Z by "builder" with MS VC++ 16.10 / 16.11 (VS2019)

END.
