#
# A fatal error has been detected by the Java Runtime Environment:
#
#  EXCEPTION_ACCESS_VIOLATION (0xc0000005) at pc=0x00007ff81dc8e02e, pid=11428, tid=8688
#
# JRE version: OpenJDK Runtime Environment (21.0.6) (build 21.0.6+-13368085-b895.109)
# Java VM: OpenJDK 64-Bit Server VM (21.0.6+-13368085-b895.109, mixed mode, tiered, compressed oops, compressed class ptrs, g1 gc, windows-amd64)
# Problematic frame:
# V  [jvm.dll+0x24e02e]
#
# No core dump will be written. Minidumps are not enabled by default on client versions of Windows
#
# If you would like to submit a bug report, please visit:
#   https://youtrack.jetbrains.com/issues/JBR
#

---------------  S U M M A R Y ------------

Command Line: --add-opens=java.base/java.lang=ALL-UNNAMED --add-opens=java.base/java.lang.invoke=ALL-UNNAMED --add-opens=java.base/java.util=ALL-UNNAMED --add-opens=java.prefs/java.util.prefs=ALL-UNNAMED --add-exports=jdk.compiler/com.sun.tools.javac.api=ALL-UNNAMED --add-exports=jdk.compiler/com.sun.tools.javac.util=ALL-UNNAMED --add-opens=java.base/java.util=ALL-UNNAMED --add-opens=java.prefs/java.util.prefs=ALL-UNNAMED --add-opens=java.base/java.nio.charset=ALL-UNNAMED --add-opens=java.base/java.net=ALL-UNNAMED --add-opens=java.base/java.util.concurrent.atomic=ALL-UNNAMED --add-opens=java.xml/javax.xml.namespace=ALL-UNNAMED -Xmx2048m -Dfile.encoding=UTF-8 -Duser.country=US -Duser.language=en -Duser.variant -javaagent:C:\Users\andre\.gradle\wrapper\dists\gradle-8.11.1-bin\bpt9gzteqjrbo1mjrsomdt32c\gradle-8.11.1\lib\agents\gradle-instrumentation-agent-8.11.1.jar org.gradle.launcher.daemon.bootstrap.GradleDaemon 8.11.1

Host: Intel(R) Core(TM) i3-10110U CPU @ 2.10GHz, 4 cores, 11G,  Windows 11 , 64 bit Build 26100 (10.0.26100.4202)
Time: Fri Jun 20 10:21:49 2025 GTB Daylight Time elapsed time: 8.364191 seconds (0d 0h 0m 8s)

---------------  T H R E A D  ---------------

Current thread (0x000001b9db511570):  JavaThread "C2 CompilerThread1" daemon [_thread_in_native, id=8688, stack(0x000000a28d200000,0x000000a28d300000) (1024K)]


Current CompileTask:
C2:8364 4880       4       sun.net.www.protocol.jar.Handler::parseURL (173 bytes)

Stack: [0x000000a28d200000,0x000000a28d300000],  sp=0x000000a28d2fc330,  free space=1008k
Native frames: (J=compiled Java code, j=interpreted, Vv=VM code, C=native code)
V  [jvm.dll+0x24e02e]
V  [jvm.dll+0x24c5e7]
V  [jvm.dll+0x249d97]
V  [jvm.dll+0x24714e]
V  [jvm.dll+0x1c5f04]
V  [jvm.dll+0x2569ac]
V  [jvm.dll+0x254ef6]
V  [jvm.dll+0x3f0e96]
V  [jvm.dll+0x806ed8]
V  [jvm.dll+0x6cef0d]
C  [ucrtbase.dll+0x37b0]
C  [KERNEL32.DLL+0x2e8d7]
C  [ntdll.dll+0x3c34c]


siginfo: EXCEPTION_ACCESS_VIOLATION (0xc0000005), reading address 0xffffffffffffffff


Registers:
RAX=0x20007ff81e36c218, RBX=0x000001b9e4156d70, RCX=0x000001b9e4156d70, RDX=0x00007ff81da40000
RSP=0x000000a28d2fc330, RBP=0x000000a28d2fc3a1, RSI=0x00007ff81da40000, RDI=0x00000000000000b1
R8 =0x000000a28d2fc4b8, R9 =0x000000000000009c, R10=0x000000a28d2fe740, R11=0x000001b9e41569a8
R12=0x0000000000000001, R13=0x000000a28d2fc4a0, R14=0x0000000000000001, R15=0x000000a28d2fc480
RIP=0x00007ff81dc8e02e, EFLAGS=0x0000000000010202

XMM[0]=0x0000000000000000 0x0000000000000000
XMM[1]=0x000001b9e2e41ad0 0x000001b9e2e410d0
XMM[2]=0x000001b9e2e402b8 0x000001b9e30d7668
XMM[3]=0x0000000000000000 0x0000000035880000
XMM[4]=0x0000000000000000 0x0000000000000000
XMM[5]=0x000001b9e3fb0818 0x000001b9e3fb07a8
XMM[6]=0x0000000000000000 0x0000000000000000
XMM[7]=0x0000000000000000 0x0000000000000000
XMM[8]=0x0000000000000000 0x0000000000000000
XMM[9]=0x0000000000000000 0x0000000000000000
XMM[10]=0x0000000000000000 0x0000000000000000
XMM[11]=0x0000000000000000 0x0000000000000000
XMM[12]=0x0000000000000000 0x0000000000000000
XMM[13]=0x0000000000000000 0x0000000000000000
XMM[14]=0x0000000000000000 0x0000000000000000
XMM[15]=0x0000000000000000 0x0000000000000000
  MXCSR=0x00001fa0


Register to memory mapping:

RAX=0x20007ff81e36c218 is an unknown value
RBX=0x000001b9e4156d70 points into unknown readable memory: 0x20007ff81e36c218 | 18 c2 36 1e f8 7f 00 20
RCX=0x000001b9e4156d70 points into unknown readable memory: 0x20007ff81e36c218 | 18 c2 36 1e f8 7f 00 20
RDX=0x00007ff81da40000 jvm.dll
RSP=0x000000a28d2fc330 is pointing into the stack for thread: 0x000001b9db511570
RBP=0x000000a28d2fc3a1 is pointing into the stack for thread: 0x000001b9db511570
RSI=0x00007ff81da40000 jvm.dll
RDI=0x00000000000000b1 is an unknown value
R8 =0x000000a28d2fc4b8 is pointing into the stack for thread: 0x000001b9db511570
R9 =0x000000000000009c is an unknown value
R10=0x000000a28d2fe740 is pointing into the stack for thread: 0x000001b9db511570
R11=0x000001b9e41569a8 points into unknown readable memory: 0x000001b9e3fb0b50 | 50 0b fb e3 b9 01 00 00
R12=0x0000000000000001 is an unknown value
R13=0x000000a28d2fc4a0 is pointing into the stack for thread: 0x000001b9db511570
R14=0x0000000000000001 is an unknown value
R15=0x000000a28d2fc480 is pointing into the stack for thread: 0x000001b9db511570

Top of Stack: (sp=0x000000a28d2fc330)
0x000000a28d2fc330:   000000a28d2fe740 000001b9e4156ad8
0x000000a28d2fc340:   000001b9e2d0b850 000000a28d2fc6a0
0x000000a28d2fc350:   000000a28d2fc430 00007ff81db7313d
0x000000a28d2fc360:   000001b9e321fa30 000000a200000010
0x000000a28d2fc370:   000001b9db695400 000000000000000c
0x000000a28d2fc380:   000001b900000100 000001b9db695000
0x000000a28d2fc390:   000001b900000100 000001b9e321fa30
0x000000a28d2fc3a0:   0000000000000000 00007ff81e0a9c4f
0x000000a28d2fc3b0:   000001b9db559b58 0000000000000034
0x000000a28d2fc3c0:   0000000000000004 000001b9e322a460
0x000000a28d2fc3d0:   000000a28d2fe740 0000000000000020
0x000000a28d2fc3e0:   0000000000000000 0000000000005080
0x000000a28d2fc3f0:   000000a28d2fc500 00007ff81dc8c5e7
0x000000a28d2fc400:   000000a28d2fe740 000000a28d2fc4b8
0x000000a28d2fc410:   000001b9e322a494 000000a28d2fc4a0
0x000000a28d2fc420:   000000a28d2fc430 00007ff81e0aa628
0x000000a28d2fc430:   000001b9e321fa30 00007ff800000004
0x000000a28d2fc440:   000001b9db694a30 00007ff800000000
0x000000a28d2fc450:   0000000000000002 000001b9db694a50
0x000000a28d2fc460:   000001b900000002 000001b9e321fa30
0x000000a28d2fc470:   0000000000000000 00007ff81e10909f
0x000000a28d2fc480:   000001b9db690450 000001b9db694a30
0x000000a28d2fc490:   000001b9db68f9b0 000001b9e321fa30
0x000000a28d2fc4a0:   0000000000000004 0000000900000000
0x000000a28d2fc4b0:   0000001a00000000 00007ff800000100
0x000000a28d2fc4c0:   000001b9db694b00 000001b900000100
0x000000a28d2fc4d0:   000001b9e321fa30 000001b9e321fa30
0x000000a28d2fc4e0:   0000000000000040 000001b9db695480
0x000000a28d2fc4f0:   000001b900000037 00007ff81e057da4
0x000000a28d2fc500:   0000000000000000 0000000000000000
0x000000a28d2fc510:   0000000000000000 0000000000000000
0x000000a28d2fc520:   0000000000000000 000001b9e30d56e8 

Instructions: (pc=0x00007ff81dc8e02e)
0x00007ff81dc8df2e:   35 cd 20 db ff 41 0b c0 41 85 c8 89 02 4c 8b 45
0x00007ff81dc8df3e:   67 75 94 8b 47 2c 83 e0 03 3c 03 0f 85 9d 00 00
0x00007ff81dc8df4e:   00 48 8b 07 48 8b cf ff 90 90 00 00 00 48 85 c0
0x00007ff81dc8df5e:   0f 84 88 00 00 00 48 8b 07 48 8b cf ff 90 90 00
0x00007ff81dc8df6e:   00 00 48 8b c8 e8 b8 f6 f7 ff 48 8b 4d 5f 39 81
0x00007ff81dc8df7e:   e0 08 00 00 7d 06 89 81 e0 08 00 00 44 8b 67 28
0x00007ff81dc8df8e:   41 8b f4 c1 ee 05 3b 75 df 72 0b 8b d6 48 8d 4d
0x00007ff81dc8df9e:   df e8 6c 77 5f 00 48 8b 45 e7 41 83 e4 1f 48 8d
0x00007ff81dc8dfae:   14 b0 41 0f b6 cc 41 b8 01 00 00 00 41 d3 e0 8b
0x00007ff81dc8dfbe:   0a 8b c1 41 0b c0 89 02 41 85 c8 75 21 8b 75 d7
0x00007ff81dc8dfce:   8d 46 01 89 45 d7 3b 75 c7 72 0b 8b d6 48 8d 4d
0x00007ff81dc8dfde:   bf e8 8c f4 45 00 48 8b 45 cf 48 89 3c f0 44 8b
0x00007ff81dc8dfee:   67 18 49 83 07 10 49 8b 07 49 3b 47 08 72 0b 49
0x00007ff81dc8dffe:   8b cf e8 fb f4 45 00 49 8b 07 4c 8b 45 67 48 89
0x00007ff81dc8e00e:   18 48 8b df 44 89 70 08 45 33 f6 e9 b0 fe ff ff
0x00007ff81dc8e01e:   83 7b 20 00 0f 84 2d 01 00 00 48 8b 03 48 8b cb
0x00007ff81dc8e02e:   ff 10 83 7b 18 03 8b f8 0f 85 92 00 00 00 4c 8b
0x00007ff81dc8e03e:   4b 08 49 8b 51 08 83 7a 20 01 0f 86 80 00 00 00
0x00007ff81dc8e04e:   8b 4a 2c 83 e1 0f 80 f9 0c 75 0a 48 8b 42 08 48
0x00007ff81dc8e05e:   39 58 10 74 6b 4d 8b 41 10 41 83 78 20 01 75 60
0x00007ff81dc8e06e:   41 8b 40 30 c1 e8 04 a8 01 75 55 81 ff 60 01 00
0x00007ff81dc8e07e:   00 77 20 74 26 8d 47 eb 3d f2 00 00 00 77 41 0f
0x00007ff81dc8e08e:   b6 84 06 9c e3 24 00 8b 8c 86 94 e3 24 00 48 03
0x00007ff81dc8e09e:   ce ff e1 81 ff 61 01 00 00 75 25 4d 89 41 08 48
0x00007ff81dc8e0ae:   8b 43 08 48 89 50 10 8b 4b 30 8b c1 c1 e8 0b a8
0x00007ff81dc8e0be:   01 74 06 0f ba f1 0b eb 04 0f ba e9 0b 89 4b 30
0x00007ff81dc8e0ce:   48 8b 05 fb 84 93 00 44 8b cf 4c 8b 75 5f 4c 8b
0x00007ff81dc8e0de:   c3 48 8b 75 7f 49 8b d6 48 89 74 24 20 48 8b 48
0x00007ff81dc8e0ee:   28 48 8b 01 ff 90 08 01 00 00 84 c0 75 16 44 8b
0x00007ff81dc8e0fe:   cf 48 89 74 24 20 4d 8b c5 48 8b d3 49 8b ce e8
0x00007ff81dc8e10e:   fe eb ff ff 8b 4b 2c 8b c1 83 e0 07 3c 05 75 2c
0x00007ff81dc8e11e:   83 e1 7f 80 f9 55 74 24 41 8b 75 50 8d 46 01 41 


Stack slot to memory mapping:

stack at sp + 0 slots: 0x000000a28d2fe740 is pointing into the stack for thread: 0x000001b9db511570
stack at sp + 1 slots: 0x000001b9e4156ad8 points into unknown readable memory: 0x00007ff81e36c070 | 70 c0 36 1e f8 7f 00 00
stack at sp + 2 slots: 0x000001b9e2d0b850 points into unknown readable memory: 0x00007ff81e380f78 | 78 0f 38 1e f8 7f 00 00
stack at sp + 3 slots: 0x000000a28d2fc6a0 is pointing into the stack for thread: 0x000001b9db511570
stack at sp + 4 slots: 0x000000a28d2fc430 is pointing into the stack for thread: 0x000001b9db511570
stack at sp + 5 slots: 0x00007ff81db7313d jvm.dll
stack at sp + 6 slots: 0x000001b9e321fa30 points into unknown readable memory: 0x0000000000000007 | 07 00 00 00 00 00 00 00
stack at sp + 7 slots: 0x000000a200000010 is an unknown value


---------------  P R O C E S S  ---------------

Threads class SMR info:
_java_thread_list=0x000001b9e351cc60, length=37, elements={
0x000001b9c2216230, 0x000001b9db4e4830, 0x000001b9db4e5280, 0x000001b9db507280,
0x000001b9db4e9e80, 0x000001b9db503fc0, 0x000001b9db50fce0, 0x000001b9db4f4b20,
0x000001b9db513e50, 0x000001b9db52c9f0, 0x000001b9db80c490, 0x000001b9e1a198d0,
0x000001b9e19f8fa0, 0x000001b9e1ab78a0, 0x000001b9e1ab6570, 0x000001b9e1b0cd10,
0x000001b9e1b18c90, 0x000001b9e1bc1020, 0x000001b9e19b78f0, 0x000001b9e1c9fec0,
0x000001b9e1ca0550, 0x000001b9e1ca0be0, 0x000001b9e1ca1270, 0x000001b9e19aeac0,
0x000001b9e19ac360, 0x000001b9e19af150, 0x000001b9e19ad710, 0x000001b9e19ac9f0,
0x000001b9e19af7e0, 0x000001b9e19ad080, 0x000001b9e19adda0, 0x000001b9e19ae430,
0x000001b9e211f1c0, 0x000001b9e211d780, 0x000001b9e211de10, 0x000001b9e211f850,
0x000001b9db511570
}

Java Threads: ( => current thread )
  0x000001b9c2216230 JavaThread "main"                              [_thread_blocked, id=11484, stack(0x000000a28a400000,0x000000a28a500000) (1024K)]
  0x000001b9db4e4830 JavaThread "Reference Handler"          daemon [_thread_blocked, id=6300, stack(0x000000a28ac00000,0x000000a28ad00000) (1024K)]
  0x000001b9db4e5280 JavaThread "Finalizer"                  daemon [_thread_blocked, id=15904, stack(0x000000a28ad00000,0x000000a28ae00000) (1024K)]
  0x000001b9db507280 JavaThread "Signal Dispatcher"          daemon [_thread_blocked, id=17928, stack(0x000000a28ae00000,0x000000a28af00000) (1024K)]
  0x000001b9db4e9e80 JavaThread "Attach Listener"            daemon [_thread_blocked, id=10148, stack(0x000000a28af00000,0x000000a28b000000) (1024K)]
  0x000001b9db503fc0 JavaThread "Service Thread"             daemon [_thread_blocked, id=2604, stack(0x000000a28b000000,0x000000a28b100000) (1024K)]
  0x000001b9db50fce0 JavaThread "Monitor Deflation Thread"   daemon [_thread_blocked, id=2388, stack(0x000000a28b100000,0x000000a28b200000) (1024K)]
  0x000001b9db4f4b20 JavaThread "C2 CompilerThread0"         daemon [_thread_blocked, id=6808, stack(0x000000a28b200000,0x000000a28b300000) (1024K)]
  0x000001b9db513e50 JavaThread "C1 CompilerThread0"         daemon [_thread_blocked, id=10116, stack(0x000000a28b300000,0x000000a28b400000) (1024K)]
  0x000001b9db52c9f0 JavaThread "Common-Cleaner"             daemon [_thread_blocked, id=12196, stack(0x000000a28b400000,0x000000a28b500000) (1024K)]
  0x000001b9db80c490 JavaThread "Notification Thread"        daemon [_thread_blocked, id=16484, stack(0x000000a28b500000,0x000000a28b600000) (1024K)]
  0x000001b9e1a198d0 JavaThread "Daemon health stats"               [_thread_blocked, id=17676, stack(0x000000a28ba00000,0x000000a28bb00000) (1024K)]
  0x000001b9e19f8fa0 JavaThread "Incoming local TCP Connector on port 63726"        [_thread_in_native, id=17832, stack(0x000000a28bb00000,0x000000a28bc00000) (1024K)]
  0x000001b9e1ab78a0 JavaThread "Daemon periodic checks"            [_thread_blocked, id=13920, stack(0x000000a28bc00000,0x000000a28bd00000) (1024K)]
  0x000001b9e1ab6570 JavaThread "Daemon"                            [_thread_blocked, id=2544, stack(0x000000a28bd00000,0x000000a28be00000) (1024K)]
  0x000001b9e1b0cd10 JavaThread "Handler for socket connection from /127.0.0.1:63726 to /127.0.0.1:63727"        [_thread_in_native, id=16956, stack(0x000000a28be00000,0x000000a28bf00000) (1024K)]
  0x000001b9e1b18c90 JavaThread "Cancel handler"                    [_thread_blocked, id=9372, stack(0x000000a28bf00000,0x000000a28c000000) (1024K)]
  0x000001b9e1bc1020 JavaThread "Daemon worker"                     [_thread_in_vm, id=15676, stack(0x000000a28c000000,0x000000a28c100000) (1024K)]
  0x000001b9e19b78f0 JavaThread "Asynchronous log dispatcher for DefaultDaemonConnection: socket connection from /127.0.0.1:63726 to /127.0.0.1:63727"        [_thread_blocked, id=12064, stack(0x000000a28c100000,0x000000a28c200000) (1024K)]
  0x000001b9e1c9fec0 JavaThread "Stdin handler"                     [_thread_blocked, id=1220, stack(0x000000a28c200000,0x000000a28c300000) (1024K)]
  0x000001b9e1ca0550 JavaThread "Daemon client event forwarder"        [_thread_blocked, id=16656, stack(0x000000a28c300000,0x000000a28c400000) (1024K)]
  0x000001b9e1ca0be0 JavaThread "Cache worker for journal cache (C:\Users\andre\.gradle\caches\journal-1)"        [_thread_blocked, id=13336, stack(0x000000a28c400000,0x000000a28c500000) (1024K)]
  0x000001b9e1ca1270 JavaThread "File lock request listener"        [_thread_in_native, id=12868, stack(0x000000a28c500000,0x000000a28c600000) (1024K)]
  0x000001b9e19aeac0 JavaThread "Cache worker for file hash cache (C:\Users\andre\.gradle\caches\8.11.1\fileHashes)"        [_thread_blocked, id=18336, stack(0x000000a28b900000,0x000000a28ba00000) (1024K)]
  0x000001b9e19ac360 JavaThread "Cache worker for file content cache (C:\Users\andre\.gradle\caches\8.11.1\fileContent)"        [_thread_blocked, id=11744, stack(0x000000a28c700000,0x000000a28c800000) (1024K)]
  0x000001b9e19af150 JavaThread "Cache worker for file hash cache (C:\Users\andre\Documents\Hacker-s-Mobile-Toolbox\.gradle\8.11.1\fileHashes)"        [_thread_blocked, id=14592, stack(0x000000a28c800000,0x000000a28c900000) (1024K)]
  0x000001b9e19ad710 JavaThread "Cache worker for Build Output Cleanup Cache (C:\Users\andre\Documents\Hacker-s-Mobile-Toolbox\.gradle\buildOutputCleanup)"        [_thread_blocked, id=12468, stack(0x000000a28c900000,0x000000a28ca00000) (1024K)]
  0x000001b9e19ac9f0 JavaThread "File watcher server"        daemon [_thread_in_native, id=6976, stack(0x000000a28ca00000,0x000000a28cb00000) (1024K)]
  0x000001b9e19af7e0 JavaThread "File watcher consumer"      daemon [_thread_blocked, id=18224, stack(0x000000a28cb00000,0x000000a28cc00000) (1024K)]
  0x000001b9e19ad080 JavaThread "jar transforms"                    [_thread_blocked, id=10228, stack(0x000000a28cc00000,0x000000a28cd00000) (1024K)]
  0x000001b9e19adda0 JavaThread "jar transforms Thread 2"           [_thread_blocked, id=14248, stack(0x000000a28cd00000,0x000000a28ce00000) (1024K)]
  0x000001b9e19ae430 JavaThread "jar transforms Thread 3"           [_thread_blocked, id=9792, stack(0x000000a28ce00000,0x000000a28cf00000) (1024K)]
  0x000001b9e211f1c0 JavaThread "jar transforms Thread 4"           [_thread_blocked, id=18408, stack(0x000000a28cf00000,0x000000a28d000000) (1024K)]
  0x000001b9e211d780 JavaThread "Cache worker for checksums cache (C:\Users\andre\Documents\Hacker-s-Mobile-Toolbox\.gradle\8.11.1\checksums)"        [_thread_blocked, id=17836, stack(0x000000a28c600000,0x000000a28c700000) (1024K)]
  0x000001b9e211de10 JavaThread "Cache worker for cache directory md-rule (C:\Users\andre\.gradle\caches\8.11.1\md-rule)"        [_thread_blocked, id=8336, stack(0x000000a28d000000,0x000000a28d100000) (1024K)]
  0x000001b9e211f850 JavaThread "Cache worker for cache directory md-supplier (C:\Users\andre\.gradle\caches\8.11.1\md-supplier)"        [_thread_blocked, id=2700, stack(0x000000a28d100000,0x000000a28d200000) (1024K)]
=>0x000001b9db511570 JavaThread "C2 CompilerThread1"         daemon [_thread_in_native, id=8688, stack(0x000000a28d200000,0x000000a28d300000) (1024K)]
Total: 37

Other Threads:
  0x000001b9db48e7f0 VMThread "VM Thread"                           [id=12000, stack(0x000000a28ab00000,0x000000a28ac00000) (1024K)]
  0x000001b9db2c3840 WatcherThread "VM Periodic Task Thread"        [id=5576, stack(0x000000a28aa00000,0x000000a28ab00000) (1024K)]
  0x000001b9c44c1030 WorkerThread "GC Thread#0"                     [id=2476, stack(0x000000a28a500000,0x000000a28a600000) (1024K)]
  0x000001b9e01b6720 WorkerThread "GC Thread#1"                     [id=5016, stack(0x000000a28b600000,0x000000a28b700000) (1024K)]
  0x000001b9e01ac530 WorkerThread "GC Thread#2"                     [id=14888, stack(0x000000a28b700000,0x000000a28b800000) (1024K)]
  0x000001b9e01ac8d0 WorkerThread "GC Thread#3"                     [id=9376, stack(0x000000a28b800000,0x000000a28b900000) (1024K)]
  0x000001b9c44d21f0 ConcurrentGCThread "G1 Main Marker"            [id=15960, stack(0x000000a28a600000,0x000000a28a700000) (1024K)]
  0x000001b9c44d4620 WorkerThread "G1 Conc#0"                       [id=5728, stack(0x000000a28a700000,0x000000a28a800000) (1024K)]
  0x000001b9db19b300 ConcurrentGCThread "G1 Refine#0"               [id=9428, stack(0x000000a28a800000,0x000000a28a900000) (1024K)]
  0x000001b9db19bb20 ConcurrentGCThread "G1 Service"                [id=17028, stack(0x000000a28a900000,0x000000a28aa00000) (1024K)]
Total: 10

Threads with active compile tasks:
C2 CompilerThread1  8409 4880       4       sun.net.www.protocol.jar.Handler::parseURL (173 bytes)
Total: 1

VM state: not at safepoint (normal execution)

VM Mutex/Monitor currently owned by a thread: None

Heap address: 0x0000000080000000, size: 2048 MB, Compressed Oops mode: 32-bit

CDS archive(s) not mapped
Compressed class space mapped at: 0x0000000100000000-0x0000000140000000, reserved size: 1073741824
Narrow klass base: 0x0000000000000000, Narrow klass shift: 3, Narrow klass range: 0x140000000

GC Precious Log:
 CardTable entry size: 512
 Card Set container configuration: InlinePtr #cards 5 size 8 Array Of Cards #cards 12 size 40 Howl #buckets 4 coarsen threshold 1843 Howl Bitmap #cards 512 size 80 coarsen threshold 460 Card regions per heap region 1 cards per card region 2048
 CPUs: 4 total, 4 available
 Memory: 12125M
 Large Page Support: Disabled
 NUMA Support: Disabled
 Compressed Oops: Enabled (32-bit)
 Heap Region Size: 1M
 Heap Min Capacity: 8M
 Heap Initial Capacity: 190M
 Heap Max Capacity: 2G
 Pre-touch: Disabled
 Parallel Workers: 4
 Concurrent Workers: 1
 Concurrent Refinement Workers: 4
 Periodic GC: Disabled

Heap:
 garbage-first heap   total 87040K, used 58410K [0x0000000080000000, 0x0000000100000000)
  region size 1024K, 8 young (8192K), 2 survivors (2048K)
 Metaspace       used 52804K, committed 54272K, reserved 1114112K
  class space    used 7071K, committed 7808K, reserved 1048576K

Heap Regions: E=young(eden), S=young(survivor), O=old, HS=humongous(starts), HC=humongous(continues), CS=collection set, F=free, TAMS=top-at-mark-start, PB=parsable bottom
|   0|0x0000000080000000, 0x0000000080100000, 0x0000000080100000|100%|HS|  |TAMS 0x0000000080000000| PB 0x0000000080000000| Complete 
|   1|0x0000000080100000, 0x0000000080200000, 0x0000000080200000|100%|HC|  |TAMS 0x0000000080100000| PB 0x0000000080100000| Complete 
|   2|0x0000000080200000, 0x0000000080300000, 0x0000000080300000|100%|HC|  |TAMS 0x0000000080200000| PB 0x0000000080200000| Complete 
|   3|0x0000000080300000, 0x0000000080400000, 0x0000000080400000|100%| O|  |TAMS 0x0000000080300000| PB 0x0000000080300000| Untracked 
|   4|0x0000000080400000, 0x0000000080500000, 0x0000000080500000|100%| O|  |TAMS 0x0000000080400000| PB 0x0000000080400000| Untracked 
|   5|0x0000000080500000, 0x0000000080600000, 0x0000000080600000|100%| O|  |TAMS 0x0000000080500000| PB 0x0000000080500000| Untracked 
|   6|0x0000000080600000, 0x0000000080700000, 0x0000000080700000|100%|HS|  |TAMS 0x0000000080600000| PB 0x0000000080600000| Complete 
|   7|0x0000000080700000, 0x0000000080800000, 0x0000000080800000|100%| O|  |TAMS 0x0000000080700000| PB 0x0000000080700000| Untracked 
|   8|0x0000000080800000, 0x0000000080900000, 0x0000000080900000|100%| O|  |TAMS 0x0000000080800000| PB 0x0000000080800000| Untracked 
|   9|0x0000000080900000, 0x0000000080a00000, 0x0000000080a00000|100%| O|  |TAMS 0x0000000080900000| PB 0x0000000080900000| Untracked 
|  10|0x0000000080a00000, 0x0000000080b00000, 0x0000000080b00000|100%| O|  |TAMS 0x0000000080a00000| PB 0x0000000080a00000| Untracked 
|  11|0x0000000080b00000, 0x0000000080c00000, 0x0000000080c00000|100%| O|  |TAMS 0x0000000080b00000| PB 0x0000000080b00000| Untracked 
|  12|0x0000000080c00000, 0x0000000080d00000, 0x0000000080d00000|100%| O|  |TAMS 0x0000000080c00000| PB 0x0000000080c00000| Untracked 
|  13|0x0000000080d00000, 0x0000000080e00000, 0x0000000080e00000|100%| O|  |TAMS 0x0000000080d00000| PB 0x0000000080d00000| Untracked 
|  14|0x0000000080e00000, 0x0000000080f00000, 0x0000000080f00000|100%| O|  |TAMS 0x0000000080e00000| PB 0x0000000080e00000| Untracked 
|  15|0x0000000080f00000, 0x0000000081000000, 0x0000000081000000|100%| O|  |TAMS 0x0000000080f00000| PB 0x0000000080f00000| Untracked 
|  16|0x0000000081000000, 0x0000000081100000, 0x0000000081100000|100%| O|  |TAMS 0x0000000081000000| PB 0x0000000081000000| Untracked 
|  17|0x0000000081100000, 0x0000000081200000, 0x0000000081200000|100%| O|  |TAMS 0x0000000081100000| PB 0x0000000081100000| Untracked 
|  18|0x0000000081200000, 0x0000000081300000, 0x0000000081300000|100%| O|  |TAMS 0x0000000081200000| PB 0x0000000081200000| Untracked 
|  19|0x0000000081300000, 0x0000000081400000, 0x0000000081400000|100%| O|Cm|TAMS 0x0000000081300000| PB 0x0000000081300000| Complete 
|  20|0x0000000081400000, 0x0000000081500000, 0x0000000081500000|100%| O|  |TAMS 0x0000000081400000| PB 0x0000000081400000| Untracked 
|  21|0x0000000081500000, 0x0000000081600000, 0x0000000081600000|100%|HS|  |TAMS 0x0000000081500000| PB 0x0000000081500000| Complete 
|  22|0x0000000081600000, 0x0000000081700000, 0x0000000081700000|100%|HC|  |TAMS 0x0000000081600000| PB 0x0000000081600000| Complete 
|  23|0x0000000081700000, 0x0000000081800000, 0x0000000081800000|100%|HC|  |TAMS 0x0000000081700000| PB 0x0000000081700000| Complete 
|  24|0x0000000081800000, 0x0000000081900000, 0x0000000081900000|100%|HC|  |TAMS 0x0000000081800000| PB 0x0000000081800000| Complete 
|  25|0x0000000081900000, 0x0000000081a00000, 0x0000000081a00000|100%|HC|  |TAMS 0x0000000081900000| PB 0x0000000081900000| Complete 
|  26|0x0000000081a00000, 0x0000000081b00000, 0x0000000081b00000|100%|HC|  |TAMS 0x0000000081a00000| PB 0x0000000081a00000| Complete 
|  27|0x0000000081b00000, 0x0000000081c00000, 0x0000000081c00000|100%|HS|  |TAMS 0x0000000081b00000| PB 0x0000000081b00000| Complete 
|  28|0x0000000081c00000, 0x0000000081d00000, 0x0000000081d00000|100%|HC|  |TAMS 0x0000000081c00000| PB 0x0000000081c00000| Complete 
|  29|0x0000000081d00000, 0x0000000081e00000, 0x0000000081e00000|100%|HC|  |TAMS 0x0000000081d00000| PB 0x0000000081d00000| Complete 
|  30|0x0000000081e00000, 0x0000000081f00000, 0x0000000081f00000|100%|HC|  |TAMS 0x0000000081e00000| PB 0x0000000081e00000| Complete 
|  31|0x0000000081f00000, 0x0000000082000000, 0x0000000082000000|100%|HS|  |TAMS 0x0000000081f00000| PB 0x0000000081f00000| Complete 
|  32|0x0000000082000000, 0x0000000082100000, 0x0000000082100000|100%| O|  |TAMS 0x0000000082000000| PB 0x0000000082000000| Untracked 
|  33|0x0000000082100000, 0x0000000082200000, 0x0000000082200000|100%| O|  |TAMS 0x0000000082100000| PB 0x0000000082100000| Untracked 
|  34|0x0000000082200000, 0x0000000082300000, 0x0000000082300000|100%| O|  |TAMS 0x0000000082200000| PB 0x0000000082200000| Untracked 
|  35|0x0000000082300000, 0x0000000082400000, 0x0000000082400000|100%| O|  |TAMS 0x0000000082300000| PB 0x0000000082300000| Untracked 
|  36|0x0000000082400000, 0x0000000082500000, 0x0000000082500000|100%|HS|  |TAMS 0x0000000082400000| PB 0x0000000082400000| Complete 
|  37|0x0000000082500000, 0x0000000082600000, 0x0000000082600000|100%|HC|  |TAMS 0x0000000082500000| PB 0x0000000082500000| Complete 
|  38|0x0000000082600000, 0x0000000082700000, 0x0000000082700000|100%| O|  |TAMS 0x0000000082600000| PB 0x0000000082600000| Untracked 
|  39|0x0000000082700000, 0x0000000082800000, 0x0000000082800000|100%| O|  |TAMS 0x0000000082700000| PB 0x0000000082700000| Untracked 
|  40|0x0000000082800000, 0x0000000082900000, 0x0000000082900000|100%| O|  |TAMS 0x0000000082800000| PB 0x0000000082800000| Untracked 
|  41|0x0000000082900000, 0x0000000082a00000, 0x0000000082a00000|100%| O|  |TAMS 0x0000000082900000| PB 0x0000000082900000| Untracked 
|  42|0x0000000082a00000, 0x0000000082b00000, 0x0000000082b00000|100%| O|  |TAMS 0x0000000082a00000| PB 0x0000000082a00000| Untracked 
|  43|0x0000000082b00000, 0x0000000082c00000, 0x0000000082c00000|100%| O|  |TAMS 0x0000000082b00000| PB 0x0000000082b00000| Untracked 
|  44|0x0000000082c00000, 0x0000000082d00000, 0x0000000082d00000|100%| O|  |TAMS 0x0000000082c00000| PB 0x0000000082c00000| Untracked 
|  45|0x0000000082d00000, 0x0000000082e00000, 0x0000000082e00000|100%| O|  |TAMS 0x0000000082d00000| PB 0x0000000082d00000| Untracked 
|  46|0x0000000082e00000, 0x0000000082f00000, 0x0000000082f00000|100%| O|  |TAMS 0x0000000082e00000| PB 0x0000000082e00000| Untracked 
|  47|0x0000000082f00000, 0x0000000082f00000, 0x0000000083000000|  0%| F|  |TAMS 0x0000000082f00000| PB 0x0000000082f00000| Untracked 
|  48|0x0000000083000000, 0x0000000083000000, 0x0000000083100000|  0%| F|  |TAMS 0x0000000083000000| PB 0x0000000083000000| Untracked 
|  49|0x0000000083100000, 0x0000000083100000, 0x0000000083200000|  0%| F|  |TAMS 0x0000000083100000| PB 0x0000000083100000| Untracked 
|  50|0x0000000083200000, 0x0000000083200000, 0x0000000083300000|  0%| F|  |TAMS 0x0000000083200000| PB 0x0000000083200000| Untracked 
|  51|0x0000000083300000, 0x0000000083300000, 0x0000000083400000|  0%| F|  |TAMS 0x0000000083300000| PB 0x0000000083300000| Untracked 
|  52|0x0000000083400000, 0x0000000083500000, 0x0000000083500000|100%| O|  |TAMS 0x0000000083400000| PB 0x0000000083400000| Untracked 
|  53|0x0000000083500000, 0x0000000083600000, 0x0000000083600000|100%| O|  |TAMS 0x0000000083500000| PB 0x0000000083500000| Untracked 
|  54|0x0000000083600000, 0x0000000083624af8, 0x0000000083700000| 14%| O|  |TAMS 0x0000000083600000| PB 0x0000000083600000| Untracked 
|  55|0x0000000083700000, 0x0000000083700000, 0x0000000083800000|  0%| F|  |TAMS 0x0000000083700000| PB 0x0000000083700000| Untracked 
|  56|0x0000000083800000, 0x0000000083800000, 0x0000000083900000|  0%| F|  |TAMS 0x0000000083800000| PB 0x0000000083800000| Untracked 
|  57|0x0000000083900000, 0x0000000083900000, 0x0000000083a00000|  0%| F|  |TAMS 0x0000000083900000| PB 0x0000000083900000| Untracked 
|  58|0x0000000083a00000, 0x0000000083a00000, 0x0000000083b00000|  0%| F|  |TAMS 0x0000000083a00000| PB 0x0000000083a00000| Untracked 
|  59|0x0000000083b00000, 0x0000000083b00000, 0x0000000083c00000|  0%| F|  |TAMS 0x0000000083b00000| PB 0x0000000083b00000| Untracked 
|  60|0x0000000083c00000, 0x0000000083c00000, 0x0000000083d00000|  0%| F|  |TAMS 0x0000000083c00000| PB 0x0000000083c00000| Untracked 
|  61|0x0000000083d00000, 0x0000000083d00000, 0x0000000083e00000|  0%| F|  |TAMS 0x0000000083d00000| PB 0x0000000083d00000| Untracked 
|  62|0x0000000083e00000, 0x0000000083ee5f40, 0x0000000083f00000| 89%| S|CS|TAMS 0x0000000083e00000| PB 0x0000000083e00000| Complete 
|  63|0x0000000083f00000, 0x0000000084000000, 0x0000000084000000|100%| S|CS|TAMS 0x0000000083f00000| PB 0x0000000083f00000| Complete 
|  64|0x0000000084000000, 0x0000000084000000, 0x0000000084100000|  0%| F|  |TAMS 0x0000000084000000| PB 0x0000000084000000| Untracked 
|  65|0x0000000084100000, 0x0000000084100000, 0x0000000084200000|  0%| F|  |TAMS 0x0000000084100000| PB 0x0000000084100000| Untracked 
|  66|0x0000000084200000, 0x0000000084200000, 0x0000000084300000|  0%| F|  |TAMS 0x0000000084200000| PB 0x0000000084200000| Untracked 
|  67|0x0000000084300000, 0x0000000084300000, 0x0000000084400000|  0%| F|  |TAMS 0x0000000084300000| PB 0x0000000084300000| Untracked 
|  68|0x0000000084400000, 0x0000000084400000, 0x0000000084500000|  0%| F|  |TAMS 0x0000000084400000| PB 0x0000000084400000| Untracked 
|  85|0x0000000085500000, 0x0000000085500000, 0x0000000085600000|  0%| F|  |TAMS 0x0000000085500000| PB 0x0000000085500000| Untracked 
|  86|0x0000000085600000, 0x0000000085600000, 0x0000000085700000|  0%| F|  |TAMS 0x0000000085600000| PB 0x0000000085600000| Untracked 
|  87|0x0000000085700000, 0x0000000085700000, 0x0000000085800000|  0%| F|  |TAMS 0x0000000085700000| PB 0x0000000085700000| Untracked 
|  88|0x0000000085800000, 0x0000000085800000, 0x0000000085900000|  0%| F|  |TAMS 0x0000000085800000| PB 0x0000000085800000| Untracked 
|  89|0x0000000085900000, 0x0000000085900000, 0x0000000085a00000|  0%| F|  |TAMS 0x0000000085900000| PB 0x0000000085900000| Untracked 
|  90|0x0000000085a00000, 0x0000000085a00000, 0x0000000085b00000|  0%| F|  |TAMS 0x0000000085a00000| PB 0x0000000085a00000| Untracked 
|  91|0x0000000085b00000, 0x0000000085b00000, 0x0000000085c00000|  0%| F|  |TAMS 0x0000000085b00000| PB 0x0000000085b00000| Untracked 
|  92|0x0000000085c00000, 0x0000000085c00000, 0x0000000085d00000|  0%| F|  |TAMS 0x0000000085c00000| PB 0x0000000085c00000| Untracked 
|  93|0x0000000085d00000, 0x0000000085d00000, 0x0000000085e00000|  0%| F|  |TAMS 0x0000000085d00000| PB 0x0000000085d00000| Untracked 
|  94|0x0000000085e00000, 0x0000000085ed2d38, 0x0000000085f00000| 82%| E|  |TAMS 0x0000000085e00000| PB 0x0000000085e00000| Complete 
|  95|0x0000000085f00000, 0x0000000086000000, 0x0000000086000000|100%| E|CS|TAMS 0x0000000085f00000| PB 0x0000000085f00000| Complete 
|  96|0x0000000086000000, 0x0000000086100000, 0x0000000086100000|100%| E|CS|TAMS 0x0000000086000000| PB 0x0000000086000000| Complete 
|  97|0x0000000086100000, 0x0000000086200000, 0x0000000086200000|100%| E|CS|TAMS 0x0000000086100000| PB 0x0000000086100000| Complete 
| 188|0x000000008bc00000, 0x000000008bd00000, 0x000000008bd00000|100%| E|CS|TAMS 0x000000008bc00000| PB 0x000000008bc00000| Complete 
| 189|0x000000008bd00000, 0x000000008be00000, 0x000000008be00000|100%| E|CS|TAMS 0x000000008bd00000| PB 0x000000008bd00000| Complete 
|2047|0x00000000fff00000, 0x0000000100000000, 0x0000000100000000|100%| O|  |TAMS 0x00000000fff00000| PB 0x00000000fff00000| Untracked 

Card table byte_map: [0x000001b9d69c0000,0x000001b9d6dc0000] _byte_map_base: 0x000001b9d65c0000

Marking Bits: (CMBitMap*) 0x000001b9c44c1640
 Bits: [0x000001b9d6dc0000, 0x000001b9d8dc0000)

Polling page: 0x000001b9c2310000

Metaspace:

Usage:
  Non-class:     44.68 MB used.
      Class:      6.91 MB used.
       Both:     51.59 MB used.

Virtual space:
  Non-class space:       64.00 MB reserved,      45.38 MB ( 71%) committed,  1 nodes.
      Class space:        1.00 GB reserved,       7.62 MB ( <1%) committed,  1 nodes.
             Both:        1.06 GB reserved,      53.00 MB (  5%) committed. 

Chunk freelists:
   Non-Class:  2.56 MB
       Class:  8.42 MB
        Both:  10.98 MB

MaxMetaspaceSize: unlimited
CompressedClassSpaceSize: 1.00 GB
Initial GC threshold: 21.00 MB
Current GC threshold: 82.44 MB
CDS: off
 - commit_granule_bytes: 65536.
 - commit_granule_words: 8192.
 - virtual_space_node_default_size: 8388608.
 - enlarge_chunks_in_place: 1.
 - use_allocation_guard: 0.


Internal statistics:

num_allocs_failed_limit: 3.
num_arena_births: 2614.
num_arena_deaths: 0.
num_vsnodes_births: 2.
num_vsnodes_deaths: 0.
num_space_committed: 848.
num_space_uncommitted: 0.
num_chunks_returned_to_freelist: 3.
num_chunks_taken_from_freelist: 4660.
num_chunk_merges: 3.
num_chunk_splits: 2987.
num_chunks_enlarged: 1809.
num_inconsistent_stats: 0.

CodeHeap 'non-profiled nmethods': size=120000Kb used=2478Kb max_used=2478Kb free=117521Kb
 bounds [0x000001b9cf090000, 0x000001b9cf300000, 0x000001b9d65c0000]
CodeHeap 'profiled nmethods': size=120000Kb used=8074Kb max_used=8074Kb free=111925Kb
 bounds [0x000001b9c75c0000, 0x000001b9c7db0000, 0x000001b9ceaf0000]
CodeHeap 'non-nmethods': size=5760Kb used=2679Kb max_used=2708Kb free=3080Kb
 bounds [0x000001b9ceaf0000, 0x000001b9ceda0000, 0x000001b9cf090000]
 total_blobs=5141 nmethods=4305 adapters=740
 compilation: enabled
              stopped_count=0, restarted_count=0
 full_count=0

Compilation events (20 events):
Event: 8.324 Thread 0x000001b9db513e50 4884       3       jdk.internal.misc.VM::isModuleSystemInited (13 bytes)
Event: 8.324 Thread 0x000001b9db513e50 nmethod 4884 0x000001b9c7d96110 code [0x000001b9c7d962a0, 0x000001b9c7d963f0]
Event: 8.324 Thread 0x000001b9db513e50 4885       1       java.lang.reflect.Proxy$ProxyBuilder$ProxyClassContext::packageName (5 bytes)
Event: 8.324 Thread 0x000001b9db513e50 nmethod 4885 0x000001b9cf2f2190 code [0x000001b9cf2f2320, 0x000001b9cf2f23e8]
Event: 8.324 Thread 0x000001b9db513e50 4886       1       java.lang.reflect.Proxy$ProxyBuilder$ProxyClassContext::module (5 bytes)
Event: 8.324 Thread 0x000001b9db513e50 nmethod 4886 0x000001b9cf2f2490 code [0x000001b9cf2f2620, 0x000001b9cf2f26e8]
Event: 8.324 Thread 0x000001b9db513e50 4887       3       jdk.internal.loader.AbstractClassLoaderValue::sub (10 bytes)
Event: 8.325 Thread 0x000001b9db513e50 nmethod 4887 0x000001b9c7d96490 code [0x000001b9c7d96640, 0x000001b9c7d96970]
Event: 8.325 Thread 0x000001b9db513e50 4888       3       jdk.internal.loader.AbstractClassLoaderValue$Sub::<init> (15 bytes)
Event: 8.325 Thread 0x000001b9db513e50 nmethod 4888 0x000001b9c7d96a90 code [0x000001b9c7d96c40, 0x000001b9c7d96ec0]
Event: 8.325 Thread 0x000001b9db513e50 4890       3       java.util.TimSort::countRunAndMakeAscending (128 bytes)
Event: 8.326 Thread 0x000001b9db513e50 nmethod 4890 0x000001b9c7d96f90 code [0x000001b9c7d971a0, 0x000001b9c7d97888]
Event: 8.326 Thread 0x000001b9db513e50 4891       3       java.util.TimSort::binarySort (223 bytes)
Event: 8.326 Thread 0x000001b9db513e50 nmethod 4891 0x000001b9c7d97b10 code [0x000001b9c7d97d40, 0x000001b9c7d987b8]
Event: 8.330 Thread 0x000001b9db4f4b20 nmethod 4881 0x000001b9cf2f2790 code [0x000001b9cf2f2960, 0x000001b9cf2f3130]
Event: 8.330 Thread 0x000001b9db4f4b20 4883       4       java.util.AbstractSet::<init> (5 bytes)
Event: 8.331 Thread 0x000001b9db4f4b20 nmethod 4883 0x000001b9cf2f3590 code [0x000001b9cf2f3720, 0x000001b9cf2f37a8]
Event: 8.331 Thread 0x000001b9db4f4b20 4889       4       java.util.ArrayList$Itr::<init> (26 bytes)
Event: 8.332 Thread 0x000001b9db4f4b20 nmethod 4889 0x000001b9cf2f3890 code [0x000001b9cf2f3a20, 0x000001b9cf2f3be0]
Event: 8.334 Thread 0x000001b9db4f4b20 4892       4       java.util.zip.ZipFile::getZipEntry (322 bytes)

GC Heap History (20 events):
Event: 4.372 GC heap before
{Heap before GC invocations=5 (full 0):
 garbage-first heap   total 68608K, used 53373K [0x0000000080000000, 0x0000000100000000)
  region size 1024K, 33 young (33792K), 2 survivors (2048K)
 Metaspace       used 30542K, committed 31168K, reserved 1114112K
  class space    used 3947K, committed 4224K, reserved 1048576K
}
Event: 4.377 GC heap after
{Heap after GC invocations=6 (full 0):
 garbage-first heap   total 68608K, used 23794K [0x0000000080000000, 0x0000000100000000)
  region size 1024K, 4 young (4096K), 4 survivors (4096K)
 Metaspace       used 30542K, committed 31168K, reserved 1114112K
  class space    used 3947K, committed 4224K, reserved 1048576K
}
Event: 5.006 GC heap before
{Heap before GC invocations=6 (full 0):
 garbage-first heap   total 68608K, used 60658K [0x0000000080000000, 0x0000000100000000)
  region size 1024K, 35 young (35840K), 4 survivors (4096K)
 Metaspace       used 34861K, committed 35776K, reserved 1114112K
  class space    used 4669K, committed 5120K, reserved 1048576K
}
Event: 5.013 GC heap after
{Heap after GC invocations=7 (full 0):
 garbage-first heap   total 69632K, used 32871K [0x0000000080000000, 0x0000000100000000)
  region size 1024K, 5 young (5120K), 5 survivors (5120K)
 Metaspace       used 34861K, committed 35776K, reserved 1114112K
  class space    used 4669K, committed 5120K, reserved 1048576K
}
Event: 5.138 GC heap before
{Heap before GC invocations=7 (full 0):
 garbage-first heap   total 69632K, used 33895K [0x0000000080000000, 0x0000000100000000)
  region size 1024K, 7 young (7168K), 5 survivors (5120K)
 Metaspace       used 34898K, committed 35840K, reserved 1114112K
  class space    used 4677K, committed 5120K, reserved 1048576K
}
Event: 5.145 GC heap after
{Heap after GC invocations=8 (full 0):
 garbage-first heap   total 69632K, used 34229K [0x0000000080000000, 0x0000000100000000)
  region size 1024K, 2 young (2048K), 2 survivors (2048K)
 Metaspace       used 34898K, committed 35840K, reserved 1114112K
  class space    used 4677K, committed 5120K, reserved 1048576K
}
Event: 5.723 GC heap before
{Heap before GC invocations=9 (full 0):
 garbage-first heap   total 69632K, used 57781K [0x0000000080000000, 0x0000000100000000)
  region size 1024K, 19 young (19456K), 2 survivors (2048K)
 Metaspace       used 36811K, committed 37824K, reserved 1114112K
  class space    used 4982K, committed 5504K, reserved 1048576K
}
Event: 5.726 GC heap after
{Heap after GC invocations=10 (full 0):
 garbage-first heap   total 69632K, used 43603K [0x0000000080000000, 0x0000000100000000)
  region size 1024K, 3 young (3072K), 3 survivors (3072K)
 Metaspace       used 36811K, committed 37824K, reserved 1114112K
  class space    used 4982K, committed 5504K, reserved 1048576K
}
Event: 6.170 GC heap before
{Heap before GC invocations=10 (full 0):
 garbage-first heap   total 69632K, used 57939K [0x0000000080000000, 0x0000000100000000)
  region size 1024K, 17 young (17408K), 3 survivors (3072K)
 Metaspace       used 38577K, committed 39552K, reserved 1114112K
  class space    used 5245K, committed 5760K, reserved 1048576K
}
Event: 6.176 GC heap after
{Heap after GC invocations=11 (full 0):
 garbage-first heap   total 69632K, used 43763K [0x0000000080000000, 0x0000000100000000)
  region size 1024K, 1 young (1024K), 1 survivors (1024K)
 Metaspace       used 38577K, committed 39552K, reserved 1114112K
  class space    used 5245K, committed 5760K, reserved 1048576K
}
Event: 6.448 GC heap before
{Heap before GC invocations=11 (full 0):
 garbage-first heap   total 69632K, used 58099K [0x0000000080000000, 0x0000000100000000)
  region size 1024K, 15 young (15360K), 1 survivors (1024K)
 Metaspace       used 40333K, committed 41536K, reserved 1114112K
  class space    used 5539K, committed 6144K, reserved 1048576K
}
Event: 6.450 GC heap after
{Heap after GC invocations=12 (full 0):
 garbage-first heap   total 83968K, used 44500K [0x0000000080000000, 0x0000000100000000)
  region size 1024K, 2 young (2048K), 2 survivors (2048K)
 Metaspace       used 40333K, committed 41536K, reserved 1114112K
  class space    used 5539K, committed 6144K, reserved 1048576K
}
Event: 6.871 GC heap before
{Heap before GC invocations=13 (full 0):
 garbage-first heap   total 83968K, used 64980K [0x0000000080000000, 0x0000000100000000)
  region size 1024K, 23 young (23552K), 2 survivors (2048K)
 Metaspace       used 43522K, committed 44864K, reserved 1114112K
  class space    used 6066K, committed 6720K, reserved 1048576K
}
Event: 6.876 GC heap after
{Heap after GC invocations=14 (full 0):
 garbage-first heap   total 83968K, used 45618K [0x0000000080000000, 0x0000000100000000)
  region size 1024K, 3 young (3072K), 3 survivors (3072K)
 Metaspace       used 43522K, committed 44864K, reserved 1114112K
  class space    used 6066K, committed 6720K, reserved 1048576K
}
Event: 7.533 GC heap before
{Heap before GC invocations=14 (full 0):
 garbage-first heap   total 83968K, used 67122K [0x0000000080000000, 0x0000000100000000)
  region size 1024K, 25 young (25600K), 3 survivors (3072K)
 Metaspace       used 48871K, committed 50240K, reserved 1114112K
  class space    used 6619K, committed 7296K, reserved 1048576K
}
Event: 7.540 GC heap after
{Heap after GC invocations=15 (full 0):
 garbage-first heap   total 83968K, used 48688K [0x0000000080000000, 0x0000000100000000)
  region size 1024K, 4 young (4096K), 4 survivors (4096K)
 Metaspace       used 48871K, committed 50240K, reserved 1114112K
  class space    used 6619K, committed 7296K, reserved 1048576K
}
Event: 7.700 GC heap before
{Heap before GC invocations=15 (full 0):
 garbage-first heap   total 83968K, used 70192K [0x0000000080000000, 0x0000000100000000)
  region size 1024K, 25 young (25600K), 4 survivors (4096K)
 Metaspace       used 49315K, committed 50624K, reserved 1114112K
  class space    used 6655K, committed 7296K, reserved 1048576K
}
Event: 7.706 GC heap after
{Heap after GC invocations=16 (full 0):
 garbage-first heap   total 83968K, used 51523K [0x0000000080000000, 0x0000000100000000)
  region size 1024K, 3 young (3072K), 3 survivors (3072K)
 Metaspace       used 49315K, committed 50624K, reserved 1114112K
  class space    used 6655K, committed 7296K, reserved 1048576K
}
Event: 8.286 GC heap before
{Heap before GC invocations=17 (full 0):
 garbage-first heap   total 87040K, used 76099K [0x0000000080000000, 0x0000000100000000)
  region size 1024K, 23 young (23552K), 3 survivors (3072K)
 Metaspace       used 52099K, committed 53568K, reserved 1114112K
  class space    used 6955K, committed 7680K, reserved 1048576K
}
Event: 8.290 GC heap after
{Heap after GC invocations=18 (full 0):
 garbage-first heap   total 87040K, used 53290K [0x0000000080000000, 0x0000000100000000)
  region size 1024K, 2 young (2048K), 2 survivors (2048K)
 Metaspace       used 52099K, committed 53568K, reserved 1114112K
  class space    used 6955K, committed 7680K, reserved 1048576K
}

Dll operation events (3 events):
Event: 0.010 Loaded shared library C:\Program Files\Android\Android Studio\jbr\bin\java.dll
Event: 0.015 Loaded shared library C:\Program Files\Android\Android Studio\jbr\bin\zip.dll
Event: 1.080 Loaded shared library C:\Program Files\Android\Android Studio\jbr\bin\verify.dll

Deoptimization events (20 events):
Event: 8.197 Thread 0x000001b9e1bc1020 Uncommon trap: trap_request=0xffffffbe fr.pc=0x000001b9cf2dc9ec relative=0x000000000000120c
Event: 8.197 Thread 0x000001b9e1bc1020 Uncommon trap: reason=profile_predicate action=maybe_recompile pc=0x000001b9cf2dc9ec method=java.lang.invoke.InvokerBytecodeGenerator.<init>(Ljava/lang/String;Ljava/lang/String;Ljava/lang/invoke/LambdaForm;Ljava/lang/invoke/MethodType;)V @ 33 c2
Event: 8.197 Thread 0x000001b9e1bc1020 DEOPT PACKING pc=0x000001b9cf2dc9ec sp=0x000000a28c0f72e0
Event: 8.197 Thread 0x000001b9e1bc1020 DEOPT UNPACKING pc=0x000001b9ceb446a2 sp=0x000000a28c0f7290 mode 2
Event: 8.197 Thread 0x000001b9e1bc1020 Uncommon trap: trap_request=0xffffffbe fr.pc=0x000001b9cf2dc9ec relative=0x000000000000120c
Event: 8.197 Thread 0x000001b9e1bc1020 Uncommon trap: reason=profile_predicate action=maybe_recompile pc=0x000001b9cf2dc9ec method=java.lang.invoke.InvokerBytecodeGenerator.<init>(Ljava/lang/String;Ljava/lang/String;Ljava/lang/invoke/LambdaForm;Ljava/lang/invoke/MethodType;)V @ 33 c2
Event: 8.197 Thread 0x000001b9e1bc1020 DEOPT PACKING pc=0x000001b9cf2dc9ec sp=0x000000a28c0f72b0
Event: 8.197 Thread 0x000001b9e1bc1020 DEOPT UNPACKING pc=0x000001b9ceb446a2 sp=0x000000a28c0f7260 mode 2
Event: 8.197 Thread 0x000001b9e1bc1020 Uncommon trap: trap_request=0xffffffbe fr.pc=0x000001b9cf2dc9ec relative=0x000000000000120c
Event: 8.197 Thread 0x000001b9e1bc1020 Uncommon trap: reason=profile_predicate action=maybe_recompile pc=0x000001b9cf2dc9ec method=java.lang.invoke.InvokerBytecodeGenerator.<init>(Ljava/lang/String;Ljava/lang/String;Ljava/lang/invoke/LambdaForm;Ljava/lang/invoke/MethodType;)V @ 33 c2
Event: 8.197 Thread 0x000001b9e1bc1020 DEOPT PACKING pc=0x000001b9cf2dc9ec sp=0x000000a28c0f71f0
Event: 8.197 Thread 0x000001b9e1bc1020 DEOPT UNPACKING pc=0x000001b9ceb446a2 sp=0x000000a28c0f71a0 mode 2
Event: 8.197 Thread 0x000001b9e1bc1020 Uncommon trap: trap_request=0xffffffbe fr.pc=0x000001b9cf2dc9ec relative=0x000000000000120c
Event: 8.197 Thread 0x000001b9e1bc1020 Uncommon trap: reason=profile_predicate action=maybe_recompile pc=0x000001b9cf2dc9ec method=java.lang.invoke.InvokerBytecodeGenerator.<init>(Ljava/lang/String;Ljava/lang/String;Ljava/lang/invoke/LambdaForm;Ljava/lang/invoke/MethodType;)V @ 33 c2
Event: 8.197 Thread 0x000001b9e1bc1020 DEOPT PACKING pc=0x000001b9cf2dc9ec sp=0x000000a28c0f71d0
Event: 8.197 Thread 0x000001b9e1bc1020 DEOPT UNPACKING pc=0x000001b9ceb446a2 sp=0x000000a28c0f7180 mode 2
Event: 8.220 Thread 0x000001b9e1bc1020 Uncommon trap: trap_request=0xffffff3d fr.pc=0x000001b9cf0b5c84 relative=0x0000000000000d04
Event: 8.220 Thread 0x000001b9e1bc1020 Uncommon trap: reason=unstable_fused_if action=reinterpret pc=0x000001b9cf0b5c84 method=org.objectweb.asm.ByteVector.putUTF8(Ljava/lang/String;)Lorg/objectweb/asm/ByteVector; @ 93 c2
Event: 8.220 Thread 0x000001b9e1bc1020 DEOPT PACKING pc=0x000001b9cf0b5c84 sp=0x000000a28c0f6640
Event: 8.220 Thread 0x000001b9e1bc1020 DEOPT UNPACKING pc=0x000001b9ceb446a2 sp=0x000000a28c0f6598 mode 2

Classes loaded (20 events):
Event: 7.686 Loading class java/util/WeakHashMap$HashIterator done
Event: 7.686 Loading class java/util/WeakHashMap$KeyIterator done
Event: 7.814 Loading class sun/invoke/util/ValueConversions$1
Event: 7.814 Loading class sun/invoke/util/ValueConversions$1 done
Event: 7.815 Loading class java/lang/invoke/BoundMethodHandle$Species_LI
Event: 7.815 Loading class java/lang/invoke/BoundMethodHandle$Species_LI done
Event: 7.890 Loading class sun/reflect/MagicAccessorImpl
Event: 7.890 Loading class sun/reflect/MagicAccessorImpl done
Event: 7.918 Loading class com/sun/beans/finder/MethodFinder
Event: 7.918 Loading class com/sun/beans/finder/AbstractFinder
Event: 7.918 Loading class com/sun/beans/finder/AbstractFinder done
Event: 7.918 Loading class com/sun/beans/finder/MethodFinder done
Event: 7.918 Loading class com/sun/beans/finder/MethodFinder$1
Event: 7.918 Loading class com/sun/beans/finder/MethodFinder$1 done
Event: 7.918 Loading class com/sun/beans/finder/FinderUtils
Event: 7.919 Loading class com/sun/beans/finder/FinderUtils done
Event: 7.919 Loading class java/lang/invoke/BoundMethodHandle$Species_LJ
Event: 7.920 Loading class java/lang/invoke/BoundMethodHandle$Species_LJ done
Event: 8.045 Loading class java/util/function/IntBinaryOperator
Event: 8.045 Loading class java/util/function/IntBinaryOperator done

Classes unloaded (0 events):
No events

Classes redefined (0 events):
No events

Internal exceptions (20 events):
Event: 7.837 Thread 0x000001b9e1bc1020 Exception <a 'java/lang/ClassNotFoundException'{0x0000000085fdf628}: org/gradle/invocation/DefaultGradleCustomizer> (0x0000000085fdf628) 
thrown [s\src\hotspot\share\classfile\systemDictionary.cpp, line 312]
Event: 7.840 Thread 0x000001b9e1bc1020 Exception <a 'java/lang/ClassNotFoundException'{0x0000000085e25bf8}: org/gradle/invocation/DefaultGradle_DecoratedCustomizer> (0x0000000085e25bf8) 
thrown [s\src\hotspot\share\classfile\systemDictionary.cpp, line 312]
Event: 7.914 Thread 0x000001b9e1bc1020 Exception <a 'java/lang/ClassNotFoundException'{0x0000000085bf0b80}: groovy/lang/Closure$1BeanInfo> (0x0000000085bf0b80) 
thrown [s\src\hotspot\share\classfile\systemDictionary.cpp, line 312]
Event: 7.914 Thread 0x000001b9e1bc1020 Exception <a 'java/lang/ClassNotFoundException'{0x0000000085bff978}: groovy/lang/ClosureBeanInfo> (0x0000000085bff978) 
thrown [s\src\hotspot\share\classfile\systemDictionary.cpp, line 312]
Event: 7.914 Thread 0x000001b9e1bc1020 Exception <a 'java/lang/ClassNotFoundException'{0x0000000085a0e918}: groovy/lang/ClosureCustomizer> (0x0000000085a0e918) 
thrown [s\src\hotspot\share\classfile\systemDictionary.cpp, line 312]
Event: 7.918 Thread 0x000001b9e1bc1020 Exception <a 'java/lang/ClassNotFoundException'{0x0000000085a40c08}: groovy/lang/Closure$1Customizer> (0x0000000085a40c08) 
thrown [s\src\hotspot\share\classfile\systemDictionary.cpp, line 312]
Event: 8.013 Thread 0x000001b9e1bc1020 Exception <a 'java/lang/ClassNotFoundException'{0x00000000859d2f98}: sync_studio_tooling11_43gbdd8m7t1sudqjcadad36h8BeanInfo> (0x00000000859d2f98) 
thrown [s\src\hotspot\share\classfile\systemDictionary.cpp, line 312]
Event: 8.015 Thread 0x000001b9e1bc1020 Exception <a 'java/lang/ClassNotFoundException'{0x00000000859d9c30}: sync_studio_tooling11_43gbdd8m7t1sudqjcadad36h8Customizer> (0x00000000859d9c30) 
thrown [s\src\hotspot\share\classfile\systemDictionary.cpp, line 312]
Event: 8.028 Thread 0x000001b9e1bc1020 Exception <a 'java/lang/ClassNotFoundException'{0x0000000085826c70}: org/gradle/internal/metaobject/ConfigureDelegateBeanInfo> (0x0000000085826c70) 
thrown [s\src\hotspot\share\classfile\systemDictionary.cpp, line 312]
Event: 8.029 Thread 0x000001b9e1bc1020 Exception <a 'java/lang/ClassNotFoundException'{0x0000000085836160}: org/gradle/internal/metaobject/ConfigureDelegateCustomizer> (0x0000000085836160) 
thrown [s\src\hotspot\share\classfile\systemDictionary.cpp, line 312]
Event: 8.068 Thread 0x000001b9e1bc1020 Exception <a 'java/lang/ClassNotFoundException'{0x000000008571aa70}: org/gradle/api/internal/initialization/DefaultScriptHandler_DecoratedBeanInfo> (0x000000008571aa70) 
thrown [s\src\hotspot\share\classfile\systemDictionary.cpp, line 312]
Event: 8.077 Thread 0x000001b9e1bc1020 Exception <a 'java/lang/ClassNotFoundException'{0x000000008572bcd8}: org/gradle/api/internal/initialization/DefaultScriptHandlerBeanInfo> (0x000000008572bcd8) 
thrown [s\src\hotspot\share\classfile\systemDictionary.cpp, line 312]
Event: 8.083 Thread 0x000001b9e1bc1020 Exception <a 'java/lang/ClassNotFoundException'{0x000000008573d1c0}: org/gradle/api/internal/initialization/DefaultScriptHandlerCustomizer> (0x000000008573d1c0) 
thrown [s\src\hotspot\share\classfile\systemDictionary.cpp, line 312]
Event: 8.096 Thread 0x000001b9e1bc1020 Exception <a 'java/lang/ClassNotFoundException'{0x000000008575aae0}: org/gradle/api/internal/initialization/DefaultScriptHandler_DecoratedCustomizer> (0x000000008575aae0) 
thrown [s\src\hotspot\share\classfile\systemDictionary.cpp, line 312]
Event: 8.160 Thread 0x000001b9e1bc1020 Exception <a 'java/lang/NoSuchMethodError'{0x000000008555acf8}: 'java.lang.Object java.lang.invoke.DirectMethodHandle$Holder.invokeVirtual(java.lang.Object, java.lang.Object, java.lang.Object, java.lang.Object, java.lang.Object, java.lang.Object, java.lang.Object, java.lang.Object, java.lang.Object, java.lang.Object, java.lang.Object, java.lang.Object, java.lang.Object, java.lang.Object, java.lang.Object)'> (0x000000008555acf8) 
thrown [s\src\hotspot\share\interpreter\linkResolver.cpp, line 784]
Event: 8.171 Thread 0x000001b9e1bc1020 Exception <a 'java/lang/NoSuchMethodError'{0x00000000844356f0}: 'java.lang.Object java.lang.invoke.DirectMethodHandle$Holder.newInvokeSpecial(java.lang.Object, java.lang.Object, java.lang.Object, java.lang.Object, java.lang.Object, java.lang.Object, java.lang.Object, java.lang.Object, java.lang.Object, java.lang.Object, java.lang.Object, java.lang.Object, java.lang.Object)'> (0x00000000844356f0) 
thrown [s\src\hotspot\share\interpreter\linkResolver.cpp, line 784]
Event: 8.255 Thread 0x000001b9e1bc1020 Exception <a 'java/lang/NoSuchMethodError'{0x00000000841b4cf8}: 'java.lang.Object java.lang.invoke.DirectMethodHandle$Holder.newInvokeSpecial(java.lang.Object, java.lang.Object, java.lang.Object, java.lang.Object, int)'> (0x00000000841b4cf8) 
thrown [s\src\hotspot\share\interpreter\linkResolver.cpp, line 784]
Event: 8.256 Thread 0x000001b9e1bc1020 Exception <a 'java/lang/NoSuchMethodError'{0x00000000841b9dd8}: 'java.lang.Object java.lang.invoke.DirectMethodHandle$Holder.invokeSpecial(java.lang.Object, java.lang.Object, java.lang.Object, java.lang.Object, java.lang.Object, int)'> (0x00000000841b9dd8) 
thrown [s\src\hotspot\share\interpreter\linkResolver.cpp, line 784]
Event: 8.256 Thread 0x000001b9e1bc1020 Exception <a 'java/lang/NoSuchMethodError'{0x00000000841be830}: 'java.lang.Object java.lang.invoke.Invokers$Holder.linkToTargetMethod(java.lang.Object, java.lang.Object, java.lang.Object, int, java.lang.Object)'> (0x00000000841be830) 
thrown [s\src\hotspot\share\interpreter\linkResolver.cpp, line 784]
Event: 8.321 Thread 0x000001b9e1bc1020 Exception <a 'java/lang/NoSuchMethodError'{0x000000008bcba190}: 'int java.lang.invoke.DirectMethodHandle$Holder.invokeInterface(java.lang.Object, java.lang.Object, java.lang.Object, java.lang.Object)'> (0x000000008bcba190) 
thrown [s\src\hotspot\share\interpreter\linkResolver.cpp, line 784]

ZGC Phase Switch (0 events):
No events

VM Operations (20 events):
Event: 7.200 Executing VM operation: HandshakeAllThreads (Deoptimize)
Event: 7.200 Executing VM operation: HandshakeAllThreads (Deoptimize) done
Event: 7.514 Executing VM operation: HandshakeAllThreads (Deoptimize)
Event: 7.514 Executing VM operation: HandshakeAllThreads (Deoptimize) done
Event: 7.533 Executing VM operation: G1CollectForAllocation (G1 Evacuation Pause)
Event: 7.540 Executing VM operation: G1CollectForAllocation (G1 Evacuation Pause) done
Event: 7.603 Executing VM operation: HandshakeAllThreads (Deoptimize)
Event: 7.603 Executing VM operation: HandshakeAllThreads (Deoptimize) done
Event: 7.700 Executing VM operation: G1CollectForAllocation (G1 Evacuation Pause)
Event: 7.706 Executing VM operation: G1CollectForAllocation (G1 Evacuation Pause) done
Event: 7.756 Executing VM operation: G1PauseRemark
Event: 7.759 Executing VM operation: G1PauseRemark done
Event: 7.776 Executing VM operation: G1PauseCleanup
Event: 7.777 Executing VM operation: G1PauseCleanup done
Event: 8.241 Executing VM operation: HandshakeAllThreads (Deoptimize)
Event: 8.242 Executing VM operation: HandshakeAllThreads (Deoptimize) done
Event: 8.286 Executing VM operation: G1CollectForAllocation (G1 Evacuation Pause)
Event: 8.290 Executing VM operation: G1CollectForAllocation (G1 Evacuation Pause) done
Event: 8.320 Executing VM operation: HandshakeAllThreads (Deoptimize)
Event: 8.320 Executing VM operation: HandshakeAllThreads (Deoptimize) done

Memory protections (0 events):
No events

Nmethod flushes (20 events):
Event: 7.758 Thread 0x000001b9db48e7f0 flushing  nmethod 0x000001b9c7910b10
Event: 7.758 Thread 0x000001b9db48e7f0 flushing  nmethod 0x000001b9c7967790
Event: 7.758 Thread 0x000001b9db48e7f0 flushing  nmethod 0x000001b9c7a9c510
Event: 7.758 Thread 0x000001b9db48e7f0 flushing  nmethod 0x000001b9c7ad5490
Event: 7.758 Thread 0x000001b9db48e7f0 flushing  nmethod 0x000001b9c7bd6610
Event: 7.758 Thread 0x000001b9db48e7f0 flushing  nmethod 0x000001b9cf142610
Event: 7.758 Thread 0x000001b9db48e7f0 flushing  nmethod 0x000001b9c75e6d10
Event: 7.758 Thread 0x000001b9db48e7f0 flushing  nmethod 0x000001b9c7629b10
Event: 7.758 Thread 0x000001b9db48e7f0 flushing  nmethod 0x000001b9c764e010
Event: 7.758 Thread 0x000001b9db48e7f0 flushing  nmethod 0x000001b9c768be10
Event: 7.758 Thread 0x000001b9db48e7f0 flushing  nmethod 0x000001b9c7727e90
Event: 7.758 Thread 0x000001b9db48e7f0 flushing  nmethod 0x000001b9c772fd10
Event: 7.758 Thread 0x000001b9db48e7f0 flushing  nmethod 0x000001b9c7750310
Event: 7.758 Thread 0x000001b9db48e7f0 flushing  nmethod 0x000001b9c78e4910
Event: 7.758 Thread 0x000001b9db48e7f0 flushing  nmethod 0x000001b9c796fe10
Event: 7.758 Thread 0x000001b9db48e7f0 flushing  nmethod 0x000001b9c7992510
Event: 7.758 Thread 0x000001b9db48e7f0 flushing  nmethod 0x000001b9c7a46b90
Event: 7.758 Thread 0x000001b9db48e7f0 flushing  nmethod 0x000001b9c7aaeb90
Event: 7.758 Thread 0x000001b9db48e7f0 flushing  nmethod 0x000001b9c7ab1790
Event: 7.758 Thread 0x000001b9db48e7f0 flushing  nmethod 0x000001b9c7ab5210

Events (20 events):
Event: 3.190 Thread 0x000001b9e1bc1020 Thread added: 0x000001b9e1ca0550
Event: 3.619 Thread 0x000001b9e1bc1020 Thread added: 0x000001b9e1ca0be0
Event: 3.627 Thread 0x000001b9e1bc1020 Thread added: 0x000001b9e1ca1270
Event: 3.657 Thread 0x000001b9db512310 Thread exited: 0x000001b9db512310
Event: 3.717 Thread 0x000001b9e1bc1020 Thread added: 0x000001b9e19aeac0
Event: 3.763 Thread 0x000001b9db513e50 Thread added: 0x000001b9db513780
Event: 4.305 Thread 0x000001b9e1bc1020 Thread added: 0x000001b9e19ac360
Event: 4.576 Thread 0x000001b9e1bc1020 Thread added: 0x000001b9e19af150
Event: 4.588 Thread 0x000001b9e1bc1020 Thread added: 0x000001b9e19ad710
Event: 4.832 Thread 0x000001b9e1bc1020 Thread added: 0x000001b9e19ac9f0
Event: 4.837 Thread 0x000001b9e1bc1020 Thread added: 0x000001b9e19af7e0
Event: 4.943 Thread 0x000001b9e1bc1020 Thread added: 0x000001b9e19ad080
Event: 4.943 Thread 0x000001b9e1bc1020 Thread added: 0x000001b9e19adda0
Event: 4.944 Thread 0x000001b9e1bc1020 Thread added: 0x000001b9e19ae430
Event: 4.944 Thread 0x000001b9e1bc1020 Thread added: 0x000001b9e211f1c0
Event: 5.964 Thread 0x000001b9db513780 Thread exited: 0x000001b9db513780
Event: 6.218 Thread 0x000001b9e1bc1020 Thread added: 0x000001b9e211d780
Event: 6.424 Thread 0x000001b9e1bc1020 Thread added: 0x000001b9e211de10
Event: 6.502 Thread 0x000001b9e1bc1020 Thread added: 0x000001b9e211f850
Event: 6.843 Thread 0x000001b9db513e50 Thread added: 0x000001b9db511570


Dynamic libraries:
0x00007ff71f3d0000 - 0x00007ff71f3da000 	C:\Program Files\Android\Android Studio\jbr\bin\java.exe
0x00007ff885dc0000 - 0x00007ff886025000 	C:\WINDOWS\SYSTEM32\ntdll.dll
0x00007ff884510000 - 0x00007ff8845d9000 	C:\WINDOWS\System32\KERNEL32.DLL
0x00007ff883230000 - 0x00007ff883618000 	C:\WINDOWS\System32\KERNELBASE.dll
0x00007ff8830e0000 - 0x00007ff88322b000 	C:\WINDOWS\System32\ucrtbase.dll
0x00007ff87dcd0000 - 0x00007ff87dceb000 	C:\Program Files\Android\Android Studio\jbr\bin\VCRUNTIME140.dll
0x00007ff869480000 - 0x00007ff869498000 	C:\Program Files\Android\Android Studio\jbr\bin\jli.dll
0x00007ff8846b0000 - 0x00007ff88487a000 	C:\WINDOWS\System32\USER32.dll
0x00007ff86c310000 - 0x00007ff86c5aa000 	C:\WINDOWS\WinSxS\amd64_microsoft.windows.common-controls_6595b64144ccf1df_6.0.26100.4202_none_3e0698d4e335f517\COMCTL32.dll
0x00007ff883a90000 - 0x00007ff883ab7000 	C:\WINDOWS\System32\win32u.dll
0x00007ff885740000 - 0x00007ff8857e9000 	C:\WINDOWS\System32\msvcrt.dll
0x00007ff884880000 - 0x00007ff8848ab000 	C:\WINDOWS\System32\GDI32.dll
0x00007ff882f10000 - 0x00007ff883047000 	C:\WINDOWS\System32\gdi32full.dll
0x00007ff883620000 - 0x00007ff8836c3000 	C:\WINDOWS\System32\msvcp_win.dll
0x00007ff8857f0000 - 0x00007ff885820000 	C:\WINDOWS\System32\IMM32.DLL
0x00007ff87dcc0000 - 0x00007ff87dccc000 	C:\Program Files\Android\Android Studio\jbr\bin\vcruntime140_1.dll
0x00007ff82d890000 - 0x00007ff82d91d000 	C:\Program Files\Android\Android Studio\jbr\bin\msvcp140.dll
0x00007ff81da40000 - 0x00007ff81e6cb000 	C:\Program Files\Android\Android Studio\jbr\bin\server\jvm.dll
0x00007ff8845f0000 - 0x00007ff8846a3000 	C:\WINDOWS\System32\ADVAPI32.dll
0x00007ff8848b0000 - 0x00007ff884956000 	C:\WINDOWS\System32\sechost.dll
0x00007ff8858b0000 - 0x00007ff8859c5000 	C:\WINDOWS\System32\RPCRT4.dll
0x00007ff885830000 - 0x00007ff8858a4000 	C:\WINDOWS\System32\WS2_32.dll
0x00007ff86eca0000 - 0x00007ff86ecd5000 	C:\WINDOWS\SYSTEM32\WINMM.dll
0x00007ff882d80000 - 0x00007ff882dde000 	C:\WINDOWS\SYSTEM32\POWRPROF.dll
0x00007ff87b4a0000 - 0x00007ff87b4ab000 	C:\WINDOWS\SYSTEM32\VERSION.dll
0x00007ff882d60000 - 0x00007ff882d74000 	C:\WINDOWS\SYSTEM32\UMPDC.dll
0x00007ff881c90000 - 0x00007ff881cab000 	C:\WINDOWS\SYSTEM32\kernel.appcore.dll
0x00007ff87dcb0000 - 0x00007ff87dcba000 	C:\Program Files\Android\Android Studio\jbr\bin\jimage.dll
0x00007ff84c0f0000 - 0x00007ff84c331000 	C:\WINDOWS\SYSTEM32\DBGHELP.DLL
0x00007ff884180000 - 0x00007ff884505000 	C:\WINDOWS\System32\combase.dll
0x00007ff8854a0000 - 0x00007ff885581000 	C:\WINDOWS\System32\OLEAUT32.dll
0x00007ff86d270000 - 0x00007ff86d2a9000 	C:\WINDOWS\SYSTEM32\dbgcore.DLL
0x00007ff883ac0000 - 0x00007ff883b59000 	C:\WINDOWS\System32\bcryptPrimitives.dll
0x00007ff878920000 - 0x00007ff87892e000 	C:\Program Files\Android\Android Studio\jbr\bin\instrument.dll
0x00007ff878900000 - 0x00007ff878920000 	C:\Program Files\Android\Android Studio\jbr\bin\java.dll
0x00007ff878630000 - 0x00007ff878648000 	C:\Program Files\Android\Android Studio\jbr\bin\zip.dll
0x00007ff884cc0000 - 0x00007ff885402000 	C:\WINDOWS\System32\SHELL32.dll
0x00007ff8836d0000 - 0x00007ff883844000 	C:\WINDOWS\System32\wintypes.dll
0x00007ff880b50000 - 0x00007ff8813a7000 	C:\WINDOWS\SYSTEM32\windows.storage.dll
0x00007ff884960000 - 0x00007ff884a51000 	C:\WINDOWS\System32\SHCORE.dll
0x00007ff883b60000 - 0x00007ff883bca000 	C:\WINDOWS\System32\shlwapi.dll
0x00007ff882e20000 - 0x00007ff882e4f000 	C:\WINDOWS\SYSTEM32\profapi.dll
0x00007ff87b430000 - 0x00007ff87b440000 	C:\Program Files\Android\Android Studio\jbr\bin\net.dll
0x00007ff87a070000 - 0x00007ff87a18e000 	C:\WINDOWS\SYSTEM32\WINHTTP.dll
0x00007ff8821e0000 - 0x00007ff88224a000 	C:\WINDOWS\system32\mswsock.dll
0x00007ff86e660000 - 0x00007ff86e676000 	C:\Program Files\Android\Android Studio\jbr\bin\nio.dll
0x00007ff86e690000 - 0x00007ff86e6a0000 	C:\Program Files\Android\Android Studio\jbr\bin\verify.dll
0x00007ff869430000 - 0x00007ff869457000 	C:\Users\andre\.gradle\native\c067742578af261105cb4f569cf0c3c89f3d7b1fecec35dd04571415982c5e48\windows-amd64\native-platform.dll
0x00007ff82c940000 - 0x00007ff82ca84000 	C:\Users\andre\.gradle\native\100fb08df4bc3b14c8652ba06237920a3bd2aa13389f12d3474272988ae205f9\windows-amd64\native-platform-file-events.dll
0x00007ff8788f0000 - 0x00007ff8788f9000 	C:\Program Files\Android\Android Studio\jbr\bin\management.dll
0x00007ff8782c0000 - 0x00007ff8782cb000 	C:\Program Files\Android\Android Studio\jbr\bin\management_ext.dll
0x00007ff883c60000 - 0x00007ff883c68000 	C:\WINDOWS\System32\PSAPI.DLL
0x00007ff8825c0000 - 0x00007ff8825db000 	C:\WINDOWS\SYSTEM32\CRYPTSP.dll
0x00007ff881bf0000 - 0x00007ff881c2a000 	C:\WINDOWS\system32\rsaenh.dll
0x00007ff882280000 - 0x00007ff8822ab000 	C:\WINDOWS\SYSTEM32\USERENV.dll
0x00007ff882df0000 - 0x00007ff882e16000 	C:\WINDOWS\SYSTEM32\bcrypt.dll
0x00007ff882420000 - 0x00007ff88242c000 	C:\WINDOWS\SYSTEM32\CRYPTBASE.dll
0x00007ff8816a0000 - 0x00007ff8816d3000 	C:\WINDOWS\SYSTEM32\IPHLPAPI.DLL
0x00007ff8845e0000 - 0x00007ff8845ea000 	C:\WINDOWS\System32\NSI.dll
0x00007ff878930000 - 0x00007ff878939000 	C:\Program Files\Android\Android Studio\jbr\bin\extnet.dll
0x00007ff85ff50000 - 0x00007ff85ff58000 	C:\WINDOWS\system32\wshunix.dll

dbghelp: loaded successfully - version: 4.0.5 - missing functions: none
symbol engine: initialized successfully - sym options: 0x614 - pdb path: .;C:\Program Files\Android\Android Studio\jbr\bin;C:\WINDOWS\SYSTEM32;C:\WINDOWS\WinSxS\amd64_microsoft.windows.common-controls_6595b64144ccf1df_6.0.26100.4202_none_3e0698d4e335f517;C:\Program Files\Android\Android Studio\jbr\bin\server;C:\Users\andre\.gradle\native\c067742578af261105cb4f569cf0c3c89f3d7b1fecec35dd04571415982c5e48\windows-amd64;C:\Users\andre\.gradle\native\100fb08df4bc3b14c8652ba06237920a3bd2aa13389f12d3474272988ae205f9\windows-amd64

VM Arguments:
jvm_args: --add-opens=java.base/java.lang=ALL-UNNAMED --add-opens=java.base/java.lang.invoke=ALL-UNNAMED --add-opens=java.base/java.util=ALL-UNNAMED --add-opens=java.prefs/java.util.prefs=ALL-UNNAMED --add-exports=jdk.compiler/com.sun.tools.javac.api=ALL-UNNAMED --add-exports=jdk.compiler/com.sun.tools.javac.util=ALL-UNNAMED --add-opens=java.base/java.util=ALL-UNNAMED --add-opens=java.prefs/java.util.prefs=ALL-UNNAMED --add-opens=java.base/java.nio.charset=ALL-UNNAMED --add-opens=java.base/java.net=ALL-UNNAMED --add-opens=java.base/java.util.concurrent.atomic=ALL-UNNAMED --add-opens=java.xml/javax.xml.namespace=ALL-UNNAMED -Xmx2048m -Dfile.encoding=UTF-8 -Duser.country=US -Duser.language=en -Duser.variant -javaagent:C:\Users\andre\.gradle\wrapper\dists\gradle-8.11.1-bin\bpt9gzteqjrbo1mjrsomdt32c\gradle-8.11.1\lib\agents\gradle-instrumentation-agent-8.11.1.jar 
java_command: org.gradle.launcher.daemon.bootstrap.GradleDaemon 8.11.1
java_class_path (initial): C:\Users\andre\.gradle\wrapper\dists\gradle-8.11.1-bin\bpt9gzteqjrbo1mjrsomdt32c\gradle-8.11.1\lib\gradle-daemon-main-8.11.1.jar
Launcher Type: SUN_STANDARD

[Global flags]
     intx CICompilerCount                          = 3                                         {product} {ergonomic}
     uint ConcGCThreads                            = 1                                         {product} {ergonomic}
     uint G1ConcRefinementThreads                  = 4                                         {product} {ergonomic}
   size_t G1HeapRegionSize                         = 1048576                                   {product} {ergonomic}
    uintx GCDrainStackTargetSize                   = 64                                        {product} {ergonomic}
   size_t InitialHeapSize                          = 199229440                                 {product} {ergonomic}
   size_t MarkStackSize                            = 4194304                                   {product} {ergonomic}
   size_t MaxHeapSize                              = 2147483648                                {product} {command line}
   size_t MaxNewSize                               = 1287651328                                {product} {ergonomic}
   size_t MinHeapDeltaBytes                        = 1048576                                   {product} {ergonomic}
   size_t MinHeapSize                              = 8388608                                   {product} {ergonomic}
    uintx NonNMethodCodeHeapSize                   = 5832780                                {pd product} {ergonomic}
    uintx NonProfiledCodeHeapSize                  = 122912730                              {pd product} {ergonomic}
    uintx ProfiledCodeHeapSize                     = 122912730                              {pd product} {ergonomic}
    uintx ReservedCodeCacheSize                    = 251658240                              {pd product} {ergonomic}
     bool SegmentedCodeCache                       = true                                      {product} {ergonomic}
   size_t SoftMaxHeapSize                          = 2147483648                             {manageable} {ergonomic}
     bool UseCompressedOops                        = true                           {product lp64_product} {ergonomic}
     bool UseG1GC                                  = true                                      {product} {ergonomic}
     bool UseLargePagesIndividualAllocation        = false                                  {pd product} {ergonomic}

Logging:
Log output configuration:
 #0: stdout all=warning uptime,level,tags foldmultilines=false
 #1: stderr all=off uptime,level,tags foldmultilines=false

Environment Variables:
PATH=C:\Python313\Scripts\;C:\Python313\;C:\WINDOWS\system32;C:\WINDOWS;C:\WINDOWS\System32\Wbem;C:\WINDOWS\System32\WindowsPowerShell\v1.0\;C:\WINDOWS\System32\OpenSSH\;C:\Program Files\Git\cmd;C:\Program Files\nodejs\;C:\ProgramData\chocolatey\bin;C:\Users\andre\AppData\Local\Programs\oh-my-posh\bin\;C:\Users\andre\AppData\Local\Microsoft\WindowsApps;C:\Users\andre\AppData\Roaming\npm
USERNAME=andre
OS=Windows_NT
PROCESSOR_IDENTIFIER=Intel64 Family 6 Model 142 Stepping 12, GenuineIntel
TMP=C:\Users\andre\AppData\Local\Temp
TEMP=C:\Users\andre\AppData\Local\Temp




Periodic native trim disabled

JNI global refs:
JNI global refs: 25, weak refs: 0

JNI global refs memory usage: 835, weak refs: 833

Process memory usage:
Resident Set Size: 261868K (2% of 12416636K total physical memory with 3599808K free physical memory)

OOME stack traces (most recent first):
Classloader memory used:
Loader org.gradle.internal.classloader.VisitableURLClassLoader                         : 24653K
Loader bootstrap                                                                       : 21806K
Loader org.gradle.initialization.MixInLegacyTypesClassLoader                           : 4766K
Loader org.gradle.internal.classloader.VisitableURLClassLoader                         : 736K
Loader jdk.internal.loader.ClassLoaders$PlatformClassLoader                            : 497K
Loader jdk.internal.loader.ClassLoaders$AppClassLoader                                 : 234K
Loader jdk.internal.reflect.DelegatingClassLoader                                      : 153K
Loader org.gradle.groovy.scripts.internal.DefaultScriptCompilationHandler$ScriptClassLoader: 36440B
Loader org.codehaus.groovy.runtime.callsite.CallSiteClassLoader                        : 7168B

Classes loaded by more than one classloader:
Class org.gradle.api.GradleException                                                  : loaded 3 times (x 78B)
Class org.gradle.internal.classloader.FilteringClassLoader                            : loaded 2 times (x 101B)
Class org.gradle.internal.classloader.ClassLoaderHierarchy                            : loaded 2 times (x 66B)
Class org.gradle.api.internal.classpath.ManifestUtil                                  : loaded 2 times (x 67B)
Class org.gradle.internal.operations.MultipleBuildOperationFailures                   : loaded 2 times (x 91B)
Class org.gradle.internal.classloader.DefaultClassLoaderFactory                       : loaded 2 times (x 78B)
Class kotlin.collections.AbstractList$Companion                                       : loaded 2 times (x 67B)
Class org.gradle.internal.classloader.ClassLoaderVisitor                              : loaded 2 times (x 72B)
Class org.gradle.api.internal.classpath.EffectiveClassPath                            : loaded 2 times (x 86B)
Class org.gradle.api.internal.DefaultClassPathProvider                                : loaded 2 times (x 72B)
Class [Lorg.gradle.api.internal.ClassPathProvider;                                    : loaded 2 times (x 65B)
Class org.gradle.api.internal.ClassPathProvider                                       : loaded 2 times (x 66B)
Class org.gradle.internal.service.UnknownServiceException                             : loaded 2 times (x 79B)
Class org.gradle.internal.classpath.TransformedClassPath                              : loaded 2 times (x 92B)
Class org.gradle.internal.classloader.InstrumentingClassLoader                        : loaded 2 times (x 66B)
Class kotlin.enums.EnumEntriesList                                                    : loaded 2 times (x 219B)
Class org.gradle.internal.service.ServiceLocator                                      : loaded 2 times (x 66B)
Class org.gradle.internal.InternalTransformer                                         : loaded 2 times (x 66B)
Class org.gradle.internal.time.DefaultTimer                                           : loaded 2 times (x 76B)
Class org.gradle.internal.classloader.ClasspathUtil$1                                 : loaded 2 times (x 72B)
Class org.gradle.api.internal.classpath.DefaultModuleRegistry$DefaultModule           : loaded 2 times (x 82B)
Class org.gradle.internal.time.DefaultCountdownTimer                                  : loaded 2 times (x 84B)
Class kotlin.Function                                                                 : loaded 2 times (x 66B)
Class org.gradle.api.internal.classpath.Module                                        : loaded 2 times (x 66B)
Class org.gradle.api.internal.classpath.UnknownModuleException                        : loaded 2 times (x 78B)
Class org.gradle.api.internal.DefaultClassPathRegistry                                : loaded 2 times (x 72B)
Class org.gradle.api.internal.ClassPathRegistry                                       : loaded 2 times (x 66B)
Class org.gradle.internal.classpath.DefaultClassPath$ImmutableUniqueList              : loaded 2 times (x 195B)
Class org.gradle.internal.classpath.ClassPath                                         : loaded 2 times (x 66B)
Class org.gradle.api.UncheckedIOException                                             : loaded 2 times (x 78B)
Class kotlin.UninitializedPropertyAccessException                                     : loaded 2 times (x 78B)
Class org.gradle.internal.installation.GradleInstallation$1                           : loaded 2 times (x 71B)
Class org.gradle.api.internal.classpath.ModuleRegistry                                : loaded 2 times (x 66B)
Class org.gradle.api.internal.classpath.DefaultModuleRegistry                         : loaded 2 times (x 82B)
Class org.gradle.internal.time.MonotonicClock                                         : loaded 2 times (x 73B)
Class org.gradle.internal.service.ServiceLookupException                              : loaded 2 times (x 78B)
Class org.gradle.internal.classloader.ClassLoaderFactory                              : loaded 2 times (x 66B)
Class org.gradle.internal.service.CachingServiceLocator                               : loaded 2 times (x 78B)
Class org.gradle.internal.time.TimeSource                                             : loaded 2 times (x 66B)
Class kotlin.enums.EnumEntries                                                        : loaded 2 times (x 66B)
Class org.gradle.internal.exceptions.ResolutionProvider                               : loaded 2 times (x 66B)
Class org.gradle.internal.classloader.ClasspathUtil                                   : loaded 2 times (x 67B)
Class org.gradle.internal.time.TimeSource$1                                           : loaded 2 times (x 73B)
Class org.gradle.api.specs.Spec                                                       : loaded 2 times (x 66B)
Class org.gradle.internal.time.Clock                                                  : loaded 2 times (x 66B)
Class kotlin.collections.AbstractList                                                 : loaded 2 times (x 193B)
Class kotlin.collections.AbstractCollection                                           : loaded 2 times (x 113B)
Class org.gradle.internal.classloader.VisitableURLClassLoader$InstrumentingVisitableURLClassLoader: loaded 2 times (x 119B)
Class org.gradle.internal.classloader.VisitableURLClassLoader$Spec                    : loaded 2 times (x 70B)
Class org.gradle.internal.classpath.DefaultClassPath                                  : loaded 2 times (x 86B)
Class org.gradle.internal.classloader.ClassLoaderSpec                                 : loaded 2 times (x 67B)
Class org.gradle.internal.classloader.VisitableURLClassLoader                         : loaded 2 times (x 113B)
Class org.gradle.internal.Cast                                                        : loaded 2 times (x 67B)
Class org.gradle.api.Action                                                           : loaded 2 times (x 66B)
Class kotlin.jvm.functions.Function1                                                  : loaded 2 times (x 66B)
Class org.gradle.internal.classpath.DefaultClassPath$ImmutableUniqueList$Builder      : loaded 2 times (x 71B)
Class kotlin.NotImplementedError                                                      : loaded 2 times (x 78B)
Class org.gradle.internal.exceptions.NonGradleCauseExceptionsHolder                   : loaded 2 times (x 66B)
Class kotlin.enums.EnumEntriesKt                                                      : loaded 2 times (x 67B)
Class org.gradle.internal.IoActions                                                   : loaded 2 times (x 67B)
Class org.gradle.internal.classloader.SystemClassLoaderSpec                           : loaded 2 times (x 67B)
Class org.gradle.internal.exceptions.MultiCauseException                              : loaded 2 times (x 66B)
Class org.gradle.internal.time.CountdownTimer                                         : loaded 2 times (x 66B)
Class kotlin.jvm.internal.Intrinsics                                                  : loaded 2 times (x 67B)
Class org.gradle.tooling.model.ProjectModel                                           : loaded 2 times (x 66B)
Class kotlin.KotlinNullPointerException                                               : loaded 2 times (x 79B)
Class org.gradle.internal.exceptions.DefaultMultiCauseException                       : loaded 2 times (x 91B)
Class org.gradle.internal.time.Time                                                   : loaded 2 times (x 67B)
Class org.gradle.api.internal.classpath.GlobalCacheRootsProvider                      : loaded 2 times (x 66B)
Class org.gradle.internal.time.Timer                                                  : loaded 2 times (x 66B)
Class kotlin.jvm.internal.markers.KMappedMarker                                       : loaded 2 times (x 66B)
Class org.gradle.internal.installation.CurrentGradleInstallationLocator               : loaded 2 times (x 67B)
Class org.gradle.internal.service.DefaultServiceLocator                               : loaded 2 times (x 79B)
Class org.gradle.util.GradleVersion                                                   : loaded 2 times (x 79B)
Class org.gradle.internal.installation.CurrentGradleInstallation                      : loaded 2 times (x 69B)
Class org.gradle.util.internal.GUtil                                                  : loaded 2 times (x 67B)
Class org.gradle.internal.installation.GradleInstallation                             : loaded 2 times (x 71B)

---------------  S Y S T E M  ---------------

OS:
 Windows 11 , 64 bit Build 26100 (10.0.26100.4202)
OS uptime: 0 days 3:09 hours
Hyper-V role detected

CPU: total 4 (initial active 4) (2 cores per cpu, 2 threads per core) family 6 model 142 stepping 12 microcode 0xea, cx8, cmov, fxsr, ht, mmx, 3dnowpref, sse, sse2, sse3, ssse3, sse4.1, sse4.2, popcnt, lzcnt, tsc, tscinvbit, avx, avx2, aes, erms, clmul, bmi1, bmi2, adx, fma, vzeroupper, clflush, clflushopt, hv, rdtscp, f16c
Processor Information for the first 4 processors :
  Max Mhz: 2501, Current Mhz: 2501, Mhz Limit: 2501

Memory: 4k page, system-wide physical 12125M (3515M free)
TotalPageFile size 15325M (AvailPageFile size 4377M)
current process WorkingSet (physical memory assigned to process): 255M, peak: 255M
current process commit charge ("private bytes"): 281M, peak: 307M

vm_info: OpenJDK 64-Bit Server VM (21.0.6+-13368085-b895.109) for windows-amd64 JRE (21.0.6+-13368085-b895.109), built on 2025-04-16T17:01:31Z by "builder" with MS VC++ 16.10 / 16.11 (VS2019)

END.
